12:34:45.011 [main] INFO  testCases.TC_001_WebDevelopmentTest - **** Starting TC_001_WebDevelopmentTest ****
12:34:48.818 [main] INFO  testCases.TC_001_WebDevelopmentTest - **** Starting TC_002_LanguageLearningTest ****
12:34:49.361 [main] INFO  testCases.TC_001_WebDevelopmentTest - **** Starting TC_003_ForEnterpriseTest ****
12:36:46.902 [main] INFO  testCases.TC_001_WebDevelopmentTest - **** Starting TC_001_WebDevelopmentTest ****
12:36:50.939 [main] INFO  testCases.TC_001_WebDevelopmentTest - Course Name Sent Successfully
12:36:59.960 [main] INFO  testCases.TC_001_WebDevelopmentTest - Clicked on Search Button
12:37:01.684 [main] INFO  testCases.TC_001_WebDevelopmentTest - Scrolled Till Subject
12:37:02.626 [main] INFO  testCases.TC_001_WebDevelopmentTest - Clicked English Language
12:37:03.004 [main] INFO  testCases.TC_001_WebDevelopmentTest - Scrolled Till Specific
12:37:04.011 [main] INFO  testCases.TC_001_WebDevelopmentTest - Clicked Begginer CheckBox
12:37:04.505 [main] INFO  testCases.TC_001_WebDevelopmentTest - Scrolled Till Filter
12:37:07.453 [main] INFO  testCases.TC_001_WebDevelopmentTest - Course One is Clicked and Successfully Printed
12:37:08.467 [main] INFO  testCases.TC_001_WebDevelopmentTest - Switched To First Course Name
12:37:16.312 [main] INFO  testCases.TC_001_WebDevelopmentTest - Successfully Printed Rating of Course One
12:37:16.511 [main] INFO  testCases.TC_001_WebDevelopmentTest - Successfully Printed Duration of Course One
12:37:16.822 [main] INFO  testCases.TC_001_WebDevelopmentTest - Switched To Parent Page
12:37:18.161 [main] INFO  testCases.TC_001_WebDevelopmentTest - Course One is Clicked and Successfully Printed
12:37:19.231 [main] INFO  testCases.TC_001_WebDevelopmentTest - Switched To The Second Course Page
12:37:25.589 [main] INFO  testCases.TC_001_WebDevelopmentTest - Scrolled till Financial
12:37:25.927 [main] INFO  testCases.TC_001_WebDevelopmentTest - Successfully Printed Rating of Course Two
12:37:26.193 [main] INFO  testCases.TC_001_WebDevelopmentTest - Successfully Printed Duration of Course Two
12:37:26.359 [main] INFO  testCases.TC_001_WebDevelopmentTest - Switched To The Parent Page
12:37:26.359 [main] INFO  testCases.TC_001_WebDevelopmentTest - **** Finishing TC_001_WebDevelopmentTest ****
12:37:26.959 [main] INFO  testCases.TC_001_WebDevelopmentTest - **** Starting TC_002_LanguageLearningTest ****
12:37:28.677 [main] INFO  testCases.TC_001_WebDevelopmentTest - Successfully Cleared The Course Name And Entered New Course
12:37:30.938 [main] INFO  testCases.TC_001_WebDevelopmentTest - Clicked Search Button
12:37:31.462 [main] INFO  testCases.TC_001_WebDevelopmentTest - Scrolled Till Science
12:37:32.056 [main] INFO  testCases.TC_001_WebDevelopmentTest - Clicked Show More in Language CheckBox
12:37:33.096 [main] INFO  testCases.TC_001_WebDevelopmentTest - Unclicking The English Language
12:37:37.239 [main] INFO  testCases.TC_001_WebDevelopmentTest - Successfully Printing Total
12:37:37.471 [main] INFO  testCases.TC_001_WebDevelopmentTest - Clicked Close Button in All Language Box
12:37:38.114 [main] INFO  testCases.TC_001_WebDevelopmentTest - Scrolled Till University CheckBox
12:37:39.030 [main] INFO  testCases.TC_001_WebDevelopmentTest - Successfully Printed All The Levels
12:37:39.030 [main] INFO  testCases.TC_001_WebDevelopmentTest - **** Finished TC_002_LanguageLearningTest ****
12:37:39.393 [main] INFO  testCases.TC_001_WebDevelopmentTest - **** Starting TC_003_ForEnterpriseTest ****
12:37:47.276 [main] INFO  testCases.TC_001_WebDevelopmentTest - Clicking the Title Icon To naviage Back
12:37:48.278 [main] INFO  testCases.TC_001_WebDevelopmentTest - Scrolling Till the Bottom of the Page
12:38:00.624 [main] INFO  testCases.TC_001_WebDevelopmentTest - Clicking the ForEnterPrise Link
12:38:01.767 [main] INFO  testCases.TC_001_WebDevelopmentTest - Scrolling Till More in the Bottom
12:38:06.578 [main] INFO  testCases.TC_001_WebDevelopmentTest - Clicked What We Offer Link
12:38:07.018 [main] INFO  testCases.TC_001_WebDevelopmentTest - Scrolled Till the Coursera for Campus
12:38:14.066 [main] INFO  testCases.TC_001_WebDevelopmentTest - Clicked Learn More Link
12:38:15.205 [main] INFO  testCases.TC_001_WebDevelopmentTest - Scrolling Till the Haeding beside The Input Box
12:38:15.852 [main] INFO  testCases.TC_001_WebDevelopmentTest - FirstName is Entered Successfully
12:38:16.250 [main] INFO  testCases.TC_001_WebDevelopmentTest - LastName is Entered Successfully
12:38:17.025 [main] INFO  testCases.TC_001_WebDevelopmentTest - Email is Entered Successfully
12:38:18.012 [main] INFO  testCases.TC_001_WebDevelopmentTest - Phone Number is Entered Successfully
13:16:54.986 [main] INFO  testCases.TC_001_WebDevelopmentTest - **** Starting TC_001_WebDevelopmentTest ****
13:17:25.849 [main] INFO  testCases.TC_001_WebDevelopmentTest - Course Name Sent Successfully
13:17:33.428 [main] INFO  testCases.TC_001_WebDevelopmentTest - Clicked on Search Button
13:17:33.991 [main] INFO  testCases.TC_001_WebDevelopmentTest - Scrolled Till Subject
13:17:34.533 [main] INFO  testCases.TC_001_WebDevelopmentTest - Clicked English Language
13:17:35.261 [main] INFO  testCases.TC_001_WebDevelopmentTest - Scrolled Till Specific
13:17:35.637 [main] INFO  testCases.TC_001_WebDevelopmentTest - Clicked Begginer CheckBox
13:17:35.896 [main] INFO  testCases.TC_001_WebDevelopmentTest - Scrolled Till Filter
13:17:38.527 [main] INFO  testCases.TC_001_WebDevelopmentTest - Course One is Clicked and Successfully Printed
13:17:39.351 [main] INFO  testCases.TC_001_WebDevelopmentTest - Switched To First Course Name
13:17:46.501 [main] INFO  testCases.TC_001_WebDevelopmentTest - Successfully Printed Rating of Course One
13:17:46.722 [main] INFO  testCases.TC_001_WebDevelopmentTest - Successfully Printed Duration of Course One
13:17:46.818 [main] INFO  testCases.TC_001_WebDevelopmentTest - Switched To Parent Page
13:17:47.837 [main] INFO  testCases.TC_001_WebDevelopmentTest - Course One is Clicked and Successfully Printed
13:17:48.469 [main] INFO  testCases.TC_001_WebDevelopmentTest - Switched To The Second Course Page
13:17:54.557 [main] INFO  testCases.TC_001_WebDevelopmentTest - Scrolled till Financial
13:17:55.213 [main] INFO  testCases.TC_001_WebDevelopmentTest - Successfully Printed Rating of Course Two
13:17:55.354 [main] INFO  testCases.TC_001_WebDevelopmentTest - Successfully Printed Duration of Course Two
13:17:55.509 [main] INFO  testCases.TC_001_WebDevelopmentTest - Switched To The Parent Page
13:17:55.510 [main] INFO  testCases.TC_001_WebDevelopmentTest - **** Finishing TC_001_WebDevelopmentTest ****
13:17:55.995 [main] INFO  testCases.TC_001_WebDevelopmentTest - **** Starting TC_002_LanguageLearningTest ****
13:17:58.375 [main] INFO  testCases.TC_001_WebDevelopmentTest - Successfully Cleared The Course Name And Entered New Course
13:17:59.226 [main] INFO  testCases.TC_001_WebDevelopmentTest - Clicked Search Button
13:18:00.304 [main] INFO  testCases.TC_001_WebDevelopmentTest - Scrolled Till Science
13:18:01.004 [main] INFO  testCases.TC_001_WebDevelopmentTest - Clicked Show More in Language CheckBox
13:18:02.601 [main] INFO  testCases.TC_001_WebDevelopmentTest - Unclicking The English Language
13:18:08.082 [main] INFO  testCases.TC_001_WebDevelopmentTest - Successfully Printing Total
13:18:08.273 [main] INFO  testCases.TC_001_WebDevelopmentTest - Clicked Close Button in All Language Box
13:18:08.885 [main] INFO  testCases.TC_001_WebDevelopmentTest - Scrolled Till University CheckBox
13:18:09.995 [main] INFO  testCases.TC_001_WebDevelopmentTest - Successfully Printed All The Levels
13:18:09.995 [main] INFO  testCases.TC_001_WebDevelopmentTest - **** Finished TC_002_LanguageLearningTest ****
13:18:10.763 [main] INFO  testCases.TC_001_WebDevelopmentTest - **** Starting TC_003_ForEnterpriseTest ****
13:18:19.637 [main] INFO  testCases.TC_001_WebDevelopmentTest - Clicking the Title Icon To naviage Back
13:18:20.272 [main] INFO  testCases.TC_001_WebDevelopmentTest - Scrolling Till the Bottom of the Page
13:18:33.022 [main] INFO  testCases.TC_001_WebDevelopmentTest - Clicking the ForEnterPrise Link
13:18:34.360 [main] INFO  testCases.TC_001_WebDevelopmentTest - Scrolling Till More in the Bottom
13:18:39.997 [main] INFO  testCases.TC_001_WebDevelopmentTest - Clicked What We Offer Link
13:18:40.377 [main] INFO  testCases.TC_001_WebDevelopmentTest - Scrolled Till the Coursera for Campus
13:18:46.944 [main] INFO  testCases.TC_001_WebDevelopmentTest - Clicked Learn More Link
13:18:48.007 [main] INFO  testCases.TC_001_WebDevelopmentTest - Scrolling Till the Haeding beside The Input Box
13:18:48.572 [main] INFO  testCases.TC_001_WebDevelopmentTest - FirstName is Entered Successfully
13:18:48.913 [main] INFO  testCases.TC_001_WebDevelopmentTest - LastName is Entered Successfully
13:18:49.477 [main] INFO  testCases.TC_001_WebDevelopmentTest - Email is Entered Successfully
13:18:50.184 [main] INFO  testCases.TC_001_WebDevelopmentTest - Phone Number is Entered Successfully
13:18:51.774 [main] INFO  testCases.TC_001_WebDevelopmentTest - Institute Type is Selected Successfully
13:18:52.067 [main] INFO  testCases.TC_001_WebDevelopmentTest - Institute Name is Entered Successfully
13:18:52.634 [main] INFO  testCases.TC_001_WebDevelopmentTest - Job Role is Selected Successfully
13:18:53.195 [main] INFO  testCases.TC_001_WebDevelopmentTest - Department is Selected Successfully
13:18:53.483 [main] INFO  testCases.TC_001_WebDevelopmentTest - Describe is Selected Successfully
13:18:53.770 [main] INFO  testCases.TC_001_WebDevelopmentTest - Expected Learner is Selected Successfully
13:18:54.459 [main] INFO  testCases.TC_001_WebDevelopmentTest - Country is Selected Successfully
13:18:54.827 [main] INFO  testCases.TC_001_WebDevelopmentTest - State is Selected Successfully
13:18:55.323 [main] INFO  testCases.TC_001_WebDevelopmentTest - Submit Button is Clicked Successfully
13:18:56.065 [main] INFO  testCases.TC_001_WebDevelopmentTest - Scrolled Till The Heading Beside of Input Boxes
13:18:58.343 [main] INFO  testCases.TC_001_WebDevelopmentTest - Successfully Printed Message of Invalid Email Address
13:18:58.344 [main] INFO  testCases.TC_001_WebDevelopmentTest - **** Finishing TC_003_ForEnterpriseTest ****
15:21:47.564 [main] INFO  factory.CucumberBaseClass - ***** Url has been Successfully Opened *****
15:21:47.746 [main] INFO  factory.CucumberBaseClass - Navigated to Coursera Home Page
15:22:21.529 [main] INFO  factory.CucumberBaseClass - ***** Url has been Successfully Closed *****
15:22:34.719 [main] INFO  factory.CucumberBaseClass - ***** Url has been Successfully Opened *****
15:22:34.881 [main] INFO  factory.CucumberBaseClass - ***** Test Case Two Started successfully *****
15:23:51.869 [main] INFO  factory.CucumberBaseClass - ***** Url has been Successfully Closed *****
15:23:59.881 [main] INFO  factory.CucumberBaseClass - ***** Url has been Successfully Opened *****
15:24:01.191 [main] INFO  factory.CucumberBaseClass - ***** Url has been Successfully Closed *****
15:25:02.897 [main] INFO  factory.CucumberBaseClass - ***** Url has been Successfully Opened *****
15:25:03.874 [main] INFO  factory.CucumberBaseClass - Navigated to Coursera Home Page
15:25:08.005 [main] INFO  factory.CucumberBaseClass - Successfully entered Web Development course
15:25:15.972 [main] INFO  factory.CucumberBaseClass - Clicked the Search Button
15:25:16.504 [main] INFO  factory.CucumberBaseClass - Scrolled till the Subject checkbox
15:25:17.248 [main] INFO  factory.CucumberBaseClass - Successfully clicked the English Language
15:25:19.389 [main] INFO  factory.CucumberBaseClass - Scrolled till the Specific chechbox
15:25:20.273 [main] INFO  factory.CucumberBaseClass - Successfully clicked the Beginner level
15:25:20.879 [main] INFO  factory.CucumberBaseClass - Scrolled till the Filter Heading
15:25:23.828 [main] INFO  factory.CucumberBaseClass - Successfully verified and Clicked Course one
15:25:24.883 [main] INFO  factory.CucumberBaseClass - Navigated to the child page
15:25:31.435 [main] INFO  factory.CucumberBaseClass - Successfully verified Rating one
15:25:31.735 [main] INFO  factory.CucumberBaseClass - Successfully verified Duration One
15:25:31.882 [main] INFO  factory.CucumberBaseClass - Navigated to the parent page
15:25:33.406 [main] INFO  factory.CucumberBaseClass - Successfully verified the Second Course and Clicked it
15:25:34.651 [main] INFO  factory.CucumberBaseClass - Navigated to the child page
15:25:40.550 [main] INFO  factory.CucumberBaseClass - Scrolled till the Financial Heading
15:25:42.477 [main] INFO  factory.CucumberBaseClass - Successfully verified the Rating Two
15:25:43.414 [main] INFO  factory.CucumberBaseClass - Successfully verified the Duration Two
15:25:43.959 [main] INFO  factory.CucumberBaseClass - Navigated to the Parent page
15:25:46.245 [main] INFO  factory.CucumberBaseClass - ***** Url has been Successfully Closed *****
15:26:31.381 [main] INFO  factory.CucumberBaseClass - ***** Url has been Successfully Opened *****
15:26:32.001 [main] INFO  factory.CucumberBaseClass - ***** Test Case Two Started successfully *****
15:27:10.055 [main] INFO  factory.CucumberBaseClass - New Course Name has been entered in the SearchBox
15:27:10.508 [main] INFO  factory.CucumberBaseClass - Successfully clicked the Search Button
15:27:13.140 [main] INFO  factory.CucumberBaseClass - Scrolled till the Science checkbox
15:27:14.585 [main] INFO  factory.CucumberBaseClass - Successfully clicked the Show More option in Languages
15:27:16.503 [main] INFO  factory.CucumberBaseClass - UnCheched the English checkbox
15:27:30.388 [main] INFO  factory.CucumberBaseClass - Successfully verified and print all the Languages
15:27:30.720 [main] INFO  factory.CucumberBaseClass - Clicked the close button
15:27:31.566 [main] INFO  factory.CucumberBaseClass - Scrolled till University checkbox
15:27:35.385 [main] INFO  factory.CucumberBaseClass - Successfully verified and printed all Levels
15:27:38.404 [main] INFO  factory.CucumberBaseClass - ***** Url has been Successfully Closed *****
15:28:50.370 [main] INFO  factory.CucumberBaseClass - ***** Url has been Successfully Opened *****
15:28:50.985 [main] INFO  factory.CucumberBaseClass - ****** Test Case Three Started Successfully *****
15:28:51.377 [main] INFO  factory.CucumberBaseClass - Driver is the Coursera Home Page
15:28:52.095 [main] INFO  factory.CucumberBaseClass - Scrolled till the bottom of the page
15:30:03.447 [main] INFO  factory.CucumberBaseClass - Clicked the For Enterprise option
15:30:04.308 [main] INFO  factory.CucumberBaseClass - Scrolled till bottom of the Page
15:30:45.606 [main] INFO  factory.CucumberBaseClass - Successfully clicked the What We Offer option
15:30:45.998 [main] INFO  factory.CucumberBaseClass - Scrolled till the Campus for Coursera
15:31:22.382 [main] INFO  factory.CucumberBaseClass - Successfully clicked the Learn More Link
15:31:24.609 [main] INFO  factory.CucumberBaseClass - Scrolled till the Sales Heading
15:31:25.378 [main] INFO  factory.CucumberBaseClass - Successfully entered the First Name
15:31:25.748 [main] INFO  factory.CucumberBaseClass - Successfully entered the Last Name
15:31:26.375 [main] INFO  factory.CucumberBaseClass - Successfully entered the Email Address
15:31:26.661 [main] INFO  factory.CucumberBaseClass - Successfully entered the Phone Number
15:31:27.466 [main] INFO  factory.CucumberBaseClass - Successfully selected the Institute Type
15:31:27.835 [main] INFO  factory.CucumberBaseClass - Successfully entered the Institute Name
15:31:28.680 [main] INFO  factory.CucumberBaseClass - Successfully selected the Job Role
15:31:29.486 [main] INFO  factory.CucumberBaseClass - Successfully selected the Department
15:31:30.379 [main] INFO  factory.CucumberBaseClass - Successfully selected the Describe
15:31:30.811 [main] INFO  factory.CucumberBaseClass - Successfully selected the Expected Learner
15:31:31.593 [main] INFO  factory.CucumberBaseClass - Successfully selected the Country
15:31:32.038 [main] INFO  factory.CucumberBaseClass - Successfully selected the State
15:31:32.674 [main] INFO  factory.CucumberBaseClass - Successfully Clicked the Submit button
15:31:32.746 [main] INFO  factory.CucumberBaseClass - Scrolled till the sales heading
15:32:07.438 [main] INFO  factory.CucumberBaseClass - ***** Url has been Successfully Closed *****
15:39:12.864 [main] INFO  testCases.TC_001_WebDevelopmentTest - **** Starting TC_001_WebDevelopmentTest ****
15:40:13.840 [main] INFO  testCases.TC_001_WebDevelopmentTest - Course Name Sent Successfully
15:40:18.302 [main] INFO  testCases.TC_001_WebDevelopmentTest - Clicked on Search Button
15:40:18.959 [main] INFO  testCases.TC_001_WebDevelopmentTest - Scrolled Till Subject
15:40:19.692 [main] INFO  testCases.TC_001_WebDevelopmentTest - Clicked English Language
15:40:21.183 [main] INFO  testCases.TC_001_WebDevelopmentTest - Scrolled Till Specific
15:40:21.908 [main] INFO  testCases.TC_001_WebDevelopmentTest - Clicked Begginer CheckBox
15:40:22.202 [main] INFO  testCases.TC_001_WebDevelopmentTest - Scrolled Till Filter
15:40:25.016 [main] INFO  testCases.TC_001_WebDevelopmentTest - Course One is Clicked and Successfully Printed
15:40:25.618 [main] INFO  testCases.TC_001_WebDevelopmentTest - Switched To First Course Name
15:40:29.937 [main] INFO  testCases.TC_001_WebDevelopmentTest - Successfully Printed Rating of Course One
15:40:30.089 [main] INFO  testCases.TC_001_WebDevelopmentTest - Successfully Printed Duration of Course One
15:40:30.193 [main] INFO  testCases.TC_001_WebDevelopmentTest - Switched To Parent Page
15:40:31.120 [main] INFO  testCases.TC_001_WebDevelopmentTest - Course One is Clicked and Successfully Printed
15:40:32.027 [main] INFO  testCases.TC_001_WebDevelopmentTest - Switched To The Second Course Page
15:41:27.164 [main] INFO  testCases.TC_001_WebDevelopmentTest - Scrolled till Financial
15:41:27.384 [main] INFO  testCases.TC_001_WebDevelopmentTest - Successfully Printed Rating of Course Two
15:41:27.908 [main] INFO  testCases.TC_001_WebDevelopmentTest - Successfully Printed Duration of Course Two
15:41:28.561 [main] INFO  testCases.TC_001_WebDevelopmentTest - Switched To The Parent Page
15:41:28.561 [main] INFO  testCases.TC_001_WebDevelopmentTest - **** Finishing TC_001_WebDevelopmentTest ****
15:41:29.211 [main] INFO  testCases.TC_001_WebDevelopmentTest - **** Starting TC_002_LanguageLearningTest ****
15:41:30.947 [main] INFO  testCases.TC_001_WebDevelopmentTest - Successfully Cleared The Course Name And Entered New Course
15:41:31.316 [main] INFO  testCases.TC_001_WebDevelopmentTest - Clicked Search Button
15:41:31.756 [main] INFO  testCases.TC_001_WebDevelopmentTest - Scrolled Till Science
15:41:32.133 [main] INFO  testCases.TC_001_WebDevelopmentTest - Clicked Show More in Language CheckBox
15:41:34.103 [main] INFO  testCases.TC_001_WebDevelopmentTest - Unclicking The English Language
15:41:40.840 [main] INFO  testCases.TC_001_WebDevelopmentTest - Successfully Printing Total
15:41:41.039 [main] INFO  testCases.TC_001_WebDevelopmentTest - Clicked Close Button in All Language Box
15:41:41.466 [main] INFO  testCases.TC_001_WebDevelopmentTest - Scrolled Till University CheckBox
15:41:42.597 [main] INFO  testCases.TC_001_WebDevelopmentTest - Successfully Printed All The Levels
15:41:42.597 [main] INFO  testCases.TC_001_WebDevelopmentTest - **** Finished TC_002_LanguageLearningTest ****
15:41:42.982 [main] INFO  testCases.TC_001_WebDevelopmentTest - **** Starting TC_003_ForEnterpriseTest ****
15:42:20.339 [main] INFO  testCases.TC_001_WebDevelopmentTest - Clicking the Title Icon To naviage Back
15:42:20.881 [main] INFO  testCases.TC_001_WebDevelopmentTest - Scrolling Till the Bottom of the Page
15:44:07.141 [main] INFO  testCases.TC_001_WebDevelopmentTest - Clicking the ForEnterPrise Link
15:44:08.542 [main] INFO  testCases.TC_001_WebDevelopmentTest - Scrolling Till More in the Bottom
15:44:42.788 [main] INFO  testCases.TC_001_WebDevelopmentTest - Clicked What We Offer Link
15:44:43.140 [main] INFO  testCases.TC_001_WebDevelopmentTest - Scrolled Till the Coursera for Campus
15:45:22.765 [main] INFO  testCases.TC_001_WebDevelopmentTest - Clicked Learn More Link
15:45:23.545 [main] INFO  testCases.TC_001_WebDevelopmentTest - Scrolling Till the Haeding beside The Input Box
15:45:23.908 [main] INFO  testCases.TC_001_WebDevelopmentTest - FirstName is Entered Successfully
15:45:24.181 [main] INFO  testCases.TC_001_WebDevelopmentTest - LastName is Entered Successfully
15:45:24.682 [main] INFO  testCases.TC_001_WebDevelopmentTest - Email is Entered Successfully
15:45:25.143 [main] INFO  testCases.TC_001_WebDevelopmentTest - Phone Number is Entered Successfully
15:45:25.825 [main] INFO  testCases.TC_001_WebDevelopmentTest - Institute Type is Selected Successfully
15:45:26.420 [main] INFO  testCases.TC_001_WebDevelopmentTest - Institute Name is Entered Successfully
15:45:27.130 [main] INFO  testCases.TC_001_WebDevelopmentTest - Job Role is Selected Successfully
15:45:28.114 [main] INFO  testCases.TC_001_WebDevelopmentTest - Department is Selected Successfully
15:45:28.634 [main] INFO  testCases.TC_001_WebDevelopmentTest - Describe is Selected Successfully
15:45:29.079 [main] INFO  testCases.TC_001_WebDevelopmentTest - Expected Learner is Selected Successfully
15:45:29.838 [main] INFO  testCases.TC_001_WebDevelopmentTest - Country is Selected Successfully
15:45:30.244 [main] INFO  testCases.TC_001_WebDevelopmentTest - State is Selected Successfully
15:45:30.810 [main] INFO  testCases.TC_001_WebDevelopmentTest - Submit Button is Clicked Successfully
15:45:31.299 [main] INFO  testCases.TC_001_WebDevelopmentTest - Scrolled Till The Heading Beside of Input Boxes
15:45:41.148 [main] INFO  testCases.TC_001_WebDevelopmentTest - Successfully Printed Message of Invalid Email Address
15:45:41.148 [main] INFO  testCases.TC_001_WebDevelopmentTest - **** Finishing TC_003_ForEnterpriseTest ****
17:36:38.594 [main] INFO  factory.CucumberBaseClass - ***** Url has been Successfully Opened *****
17:36:39.576 [main] INFO  factory.CucumberBaseClass - Navigated to Coursera Home Page
17:36:44.267 [main] INFO  factory.CucumberBaseClass - Successfully entered Web Development course
17:36:54.014 [main] INFO  factory.CucumberBaseClass - Clicked the Search Button
17:36:54.592 [main] INFO  factory.CucumberBaseClass - Scrolled till the Subject checkbox
17:36:55.445 [main] INFO  factory.CucumberBaseClass - Successfully clicked the English Language
17:36:58.057 [main] INFO  factory.CucumberBaseClass - Scrolled till the Specific chechbox
17:36:59.549 [main] INFO  factory.CucumberBaseClass - Successfully clicked the Beginner level
17:37:01.080 [main] INFO  factory.CucumberBaseClass - Scrolled till the Filter Heading
17:37:02.767 [main] INFO  factory.CucumberBaseClass - Successfully verified and Clicked Course one
17:37:04.363 [main] INFO  factory.CucumberBaseClass - Navigated to the child page
17:37:12.724 [main] INFO  factory.CucumberBaseClass - Successfully verified Rating one
17:37:13.162 [main] INFO  factory.CucumberBaseClass - Successfully verified Duration One
17:37:13.337 [main] INFO  factory.CucumberBaseClass - Navigated to the parent page
17:37:16.036 [main] INFO  factory.CucumberBaseClass - Successfully verified the Second Course and Clicked it
17:37:17.116 [main] INFO  factory.CucumberBaseClass - Navigated to the child page
17:37:23.517 [main] INFO  factory.CucumberBaseClass - Scrolled till the Financial Heading
17:37:24.048 [main] INFO  factory.CucumberBaseClass - Successfully verified the Rating Two
17:37:24.224 [main] INFO  factory.CucumberBaseClass - Successfully verified the Duration Two
17:37:24.383 [main] INFO  factory.CucumberBaseClass - Navigated to the Parent page
17:37:27.053 [main] INFO  factory.CucumberBaseClass - ***** Url has been Successfully Closed *****
17:37:52.169 [main] INFO  factory.CucumberBaseClass - ***** Url has been Successfully Opened *****
17:37:52.883 [main] INFO  factory.CucumberBaseClass - ***** Test Case Two Started successfully *****
17:38:03.202 [main] INFO  factory.CucumberBaseClass - New Course Name has been entered in the SearchBox
17:38:03.757 [main] INFO  factory.CucumberBaseClass - Successfully clicked the Search Button
17:38:04.917 [main] INFO  factory.CucumberBaseClass - Scrolled till the Science checkbox
17:38:06.065 [main] INFO  factory.CucumberBaseClass - Successfully clicked the Show More option in Languages
17:38:07.361 [main] INFO  factory.CucumberBaseClass - UnCheched the English checkbox
17:38:11.747 [main] INFO  factory.CucumberBaseClass - Successfully verified and print all the Languages
17:38:11.964 [main] INFO  factory.CucumberBaseClass - Clicked the close button
17:38:13.042 [main] INFO  factory.CucumberBaseClass - Scrolled till University checkbox
17:38:14.537 [main] INFO  factory.CucumberBaseClass - Successfully verified and printed all Levels
17:38:16.381 [main] INFO  factory.CucumberBaseClass - ***** Url has been Successfully Closed *****
17:38:39.067 [main] INFO  factory.CucumberBaseClass - ***** Url has been Successfully Opened *****
17:38:39.680 [main] INFO  factory.CucumberBaseClass - ****** Test Case Three Started Successfully *****
17:38:39.835 [main] INFO  factory.CucumberBaseClass - Driver is the Coursera Home Page
17:38:40.553 [main] INFO  factory.CucumberBaseClass - Scrolled till the bottom of the page
17:38:52.137 [main] INFO  factory.CucumberBaseClass - Clicked the For Enterprise option
17:38:53.383 [main] INFO  factory.CucumberBaseClass - Scrolled till bottom of the Page
17:38:58.692 [main] INFO  factory.CucumberBaseClass - Successfully clicked the What We Offer option
17:38:59.125 [main] INFO  factory.CucumberBaseClass - Scrolled till the Campus for Coursera
17:39:05.035 [main] INFO  factory.CucumberBaseClass - Successfully clicked the Learn More Link
17:39:08.207 [main] INFO  factory.CucumberBaseClass - Scrolled till the Sales Heading
17:39:08.606 [main] INFO  factory.CucumberBaseClass - Successfully entered the First Name
17:39:09.003 [main] INFO  factory.CucumberBaseClass - Successfully entered the Last Name
17:39:09.662 [main] INFO  factory.CucumberBaseClass - Successfully entered the Email Address
17:39:09.972 [main] INFO  factory.CucumberBaseClass - Successfully entered the Phone Number
17:39:10.663 [main] INFO  factory.CucumberBaseClass - Successfully selected the Institute Type
17:39:10.901 [main] INFO  factory.CucumberBaseClass - Successfully entered the Institute Name
17:39:11.489 [main] INFO  factory.CucumberBaseClass - Successfully selected the Job Role
17:39:11.832 [main] INFO  factory.CucumberBaseClass - Successfully selected the Department
17:39:12.549 [main] INFO  factory.CucumberBaseClass - Successfully selected the Describe
17:39:12.938 [main] INFO  factory.CucumberBaseClass - Successfully selected the Expected Learner
17:39:13.835 [main] INFO  factory.CucumberBaseClass - Successfully selected the Country
17:39:14.401 [main] INFO  factory.CucumberBaseClass - Successfully selected the State
17:39:14.940 [main] INFO  factory.CucumberBaseClass - Successfully Clicked the Submit button
17:39:15.009 [main] INFO  factory.CucumberBaseClass - Scrolled till the sales heading
17:39:17.459 [main] INFO  factory.CucumberBaseClass - Successfully verified the Invalid Email message
17:39:17.460 [main] INFO  factory.CucumberBaseClass - ***** Test Case Three Finished Successfully *****
17:39:19.802 [main] INFO  factory.CucumberBaseClass - ***** Url has been Successfully Closed *****
18:14:30.740 [main] INFO  testCases.TC_001_WebDevelopmentTest - **** Starting TC_001_WebDevelopmentTest ****
18:15:13.900 [main] INFO  testCases.TC_001_WebDevelopmentTest - Course Name Sent Successfully
18:15:48.917 [main] INFO  testCases.TC_001_WebDevelopmentTest - Clicked on Search Button
18:15:49.496 [main] INFO  testCases.TC_001_WebDevelopmentTest - Scrolled Till Subject
18:15:50.236 [main] INFO  testCases.TC_001_WebDevelopmentTest - Clicked English Language
18:15:51.540 [main] INFO  testCases.TC_001_WebDevelopmentTest - Scrolled Till Specific
18:15:51.983 [main] INFO  testCases.TC_001_WebDevelopmentTest - Clicked Begginer CheckBox
18:15:52.271 [main] INFO  testCases.TC_001_WebDevelopmentTest - Scrolled Till Filter
18:15:55.172 [main] INFO  testCases.TC_001_WebDevelopmentTest - Course One is Clicked and Successfully Printed
18:15:55.885 [main] INFO  testCases.TC_001_WebDevelopmentTest - Switched To First Course Name
18:16:30.837 [main] INFO  testCases.TC_001_WebDevelopmentTest - Successfully Printed Rating of Course One
18:16:31.059 [main] INFO  testCases.TC_001_WebDevelopmentTest - Successfully Printed Duration of Course One
18:16:31.184 [main] INFO  testCases.TC_001_WebDevelopmentTest - Switched To Parent Page
18:16:32.225 [main] INFO  testCases.TC_001_WebDevelopmentTest - Course One is Clicked and Successfully Printed
18:16:33.917 [main] INFO  testCases.TC_001_WebDevelopmentTest - Switched To The Second Course Page
18:17:09.067 [main] INFO  testCases.TC_001_WebDevelopmentTest - Scrolled till Financial
18:17:09.486 [main] INFO  testCases.TC_001_WebDevelopmentTest - Successfully Printed Rating of Course Two
18:17:10.839 [main] INFO  testCases.TC_001_WebDevelopmentTest - Successfully Printed Duration of Course Two
18:17:10.985 [main] INFO  testCases.TC_001_WebDevelopmentTest - Switched To The Parent Page
18:17:10.988 [main] INFO  testCases.TC_001_WebDevelopmentTest - **** Finishing TC_001_WebDevelopmentTest ****
18:17:11.588 [main] INFO  testCases.TC_001_WebDevelopmentTest - **** Starting TC_002_LanguageLearningTest ****
18:17:13.427 [main] INFO  testCases.TC_001_WebDevelopmentTest - Successfully Cleared The Course Name And Entered New Course
18:17:14.272 [main] INFO  testCases.TC_001_WebDevelopmentTest - Clicked Search Button
18:17:14.937 [main] INFO  testCases.TC_001_WebDevelopmentTest - Scrolled Till Science
18:17:15.490 [main] INFO  testCases.TC_001_WebDevelopmentTest - Clicked Show More in Language CheckBox
18:17:17.351 [main] INFO  testCases.TC_001_WebDevelopmentTest - Unclicking The English Language
18:17:26.687 [main] INFO  testCases.TC_001_WebDevelopmentTest - Successfully Printing Total
18:17:26.926 [main] INFO  testCases.TC_001_WebDevelopmentTest - Clicked Close Button in All Language Box
18:17:27.544 [main] INFO  testCases.TC_001_WebDevelopmentTest - Scrolled Till University CheckBox
18:17:28.640 [main] INFO  testCases.TC_001_WebDevelopmentTest - Successfully Printed All The Levels
18:17:28.640 [main] INFO  testCases.TC_001_WebDevelopmentTest - **** Finished TC_002_LanguageLearningTest ****
18:17:29.179 [main] INFO  testCases.TC_001_WebDevelopmentTest - **** Starting TC_003_ForEnterpriseTest ****
18:18:08.350 [main] INFO  testCases.TC_001_WebDevelopmentTest - Clicking the Title Icon To naviage Back
18:18:09.221 [main] INFO  testCases.TC_001_WebDevelopmentTest - Scrolling Till the Bottom of the Page
18:18:48.148 [main] INFO  testCases.TC_001_WebDevelopmentTest - Clicking the ForEnterPrise Link
18:18:49.261 [main] INFO  testCases.TC_001_WebDevelopmentTest - Scrolling Till More in the Bottom
18:19:22.787 [main] INFO  testCases.TC_001_WebDevelopmentTest - Clicked What We Offer Link
18:19:23.259 [main] INFO  testCases.TC_001_WebDevelopmentTest - Scrolled Till the Coursera for Campus
18:20:02.794 [main] INFO  testCases.TC_001_WebDevelopmentTest - Clicked Learn More Link
18:20:04.181 [main] INFO  testCases.TC_001_WebDevelopmentTest - Scrolling Till the Haeding beside The Input Box
18:20:04.541 [main] INFO  testCases.TC_001_WebDevelopmentTest - FirstName is Entered Successfully
18:20:04.869 [main] INFO  testCases.TC_001_WebDevelopmentTest - LastName is Entered Successfully
18:20:05.509 [main] INFO  testCases.TC_001_WebDevelopmentTest - Email is Entered Successfully
18:20:06.104 [main] INFO  testCases.TC_001_WebDevelopmentTest - Phone Number is Entered Successfully
18:20:06.960 [main] INFO  testCases.TC_001_WebDevelopmentTest - Institute Type is Selected Successfully
18:20:07.261 [main] INFO  testCases.TC_001_WebDevelopmentTest - Institute Name is Entered Successfully
18:20:08.005 [main] INFO  testCases.TC_001_WebDevelopmentTest - Job Role is Selected Successfully
18:20:08.672 [main] INFO  testCases.TC_001_WebDevelopmentTest - Department is Selected Successfully
18:20:09.070 [main] INFO  testCases.TC_001_WebDevelopmentTest - Describe is Selected Successfully
18:20:09.513 [main] INFO  testCases.TC_001_WebDevelopmentTest - Expected Learner is Selected Successfully
18:20:10.284 [main] INFO  testCases.TC_001_WebDevelopmentTest - Country is Selected Successfully
18:20:10.677 [main] INFO  testCases.TC_001_WebDevelopmentTest - State is Selected Successfully
18:20:11.432 [main] INFO  testCases.TC_001_WebDevelopmentTest - Submit Button is Clicked Successfully
18:20:12.257 [main] INFO  testCases.TC_001_WebDevelopmentTest - Scrolled Till The Heading Beside of Input Boxes
18:20:14.805 [main] INFO  testCases.TC_001_WebDevelopmentTest - Successfully Printed Message of Invalid Email Address
18:20:14.805 [main] INFO  testCases.TC_001_WebDevelopmentTest - **** Finishing TC_003_ForEnterpriseTest ****
19:34:33.228 [main] INFO  testCases.TC_001_WebDevelopmentTest - **** Starting TC_001_WebDevelopmentTest ****
19:34:35.871 [main] INFO  testCases.TC_001_WebDevelopmentTest - Course Name Sent Successfully
19:34:43.000 [main] INFO  testCases.TC_001_WebDevelopmentTest - Clicked on Search Button
19:34:43.660 [main] INFO  testCases.TC_001_WebDevelopmentTest - Scrolled Till Subject
19:34:44.923 [main] INFO  testCases.TC_001_WebDevelopmentTest - Clicked English Language
19:34:45.222 [main] INFO  testCases.TC_001_WebDevelopmentTest - Scrolled Till Specific
19:34:46.550 [main] INFO  testCases.TC_001_WebDevelopmentTest - Clicked Begginer CheckBox
19:34:46.852 [main] INFO  testCases.TC_001_WebDevelopmentTest - Scrolled Till Filter
19:34:49.509 [main] INFO  testCases.TC_001_WebDevelopmentTest - Course One is Clicked and Successfully Printed
19:34:50.217 [main] INFO  testCases.TC_001_WebDevelopmentTest - Switched To First Course Name
19:34:56.684 [main] INFO  testCases.TC_001_WebDevelopmentTest - Successfully Printed Rating of Course One
19:34:56.980 [main] INFO  testCases.TC_001_WebDevelopmentTest - Successfully Printed Duration of Course One
19:34:57.132 [main] INFO  testCases.TC_001_WebDevelopmentTest - Switched To Parent Page
19:34:58.196 [main] INFO  testCases.TC_001_WebDevelopmentTest - Course One is Clicked and Successfully Printed
19:34:59.721 [main] INFO  testCases.TC_001_WebDevelopmentTest - Switched To The Second Course Page
19:35:04.871 [main] INFO  testCases.TC_001_WebDevelopmentTest - Scrolled till Financial
19:35:05.845 [main] INFO  testCases.TC_001_WebDevelopmentTest - Successfully Printed Rating of Course Two
19:35:05.974 [main] INFO  testCases.TC_001_WebDevelopmentTest - Successfully Printed Duration of Course Two
19:35:06.114 [main] INFO  testCases.TC_001_WebDevelopmentTest - Switched To The Parent Page
19:35:06.115 [main] INFO  testCases.TC_001_WebDevelopmentTest - **** Finishing TC_001_WebDevelopmentTest ****
19:35:06.803 [main] INFO  testCases.TC_001_WebDevelopmentTest - **** Starting TC_002_LanguageLearningTest ****
19:35:08.636 [main] INFO  testCases.TC_001_WebDevelopmentTest - Successfully Cleared The Course Name And Entered New Course
19:35:09.561 [main] INFO  testCases.TC_001_WebDevelopmentTest - Clicked Search Button
19:35:10.668 [main] INFO  testCases.TC_001_WebDevelopmentTest - Scrolled Till Science
19:35:11.529 [main] INFO  testCases.TC_001_WebDevelopmentTest - Clicked Show More in Language CheckBox
19:35:12.594 [main] INFO  testCases.TC_001_WebDevelopmentTest - Unclicking The English Language
19:35:16.270 [main] INFO  testCases.TC_001_WebDevelopmentTest - Successfully Printing Total
19:35:16.464 [main] INFO  testCases.TC_001_WebDevelopmentTest - Clicked Close Button in All Language Box
19:35:17.008 [main] INFO  testCases.TC_001_WebDevelopmentTest - Scrolled Till University CheckBox
19:35:17.855 [main] INFO  testCases.TC_001_WebDevelopmentTest - Successfully Printed All The Levels
19:35:17.856 [main] INFO  testCases.TC_001_WebDevelopmentTest - **** Finished TC_002_LanguageLearningTest ****
19:35:18.570 [main] INFO  testCases.TC_001_WebDevelopmentTest - **** Starting TC_003_ForEnterpriseTest ****
19:35:27.439 [main] INFO  testCases.TC_001_WebDevelopmentTest - Clicking the Title Icon To naviage Back
19:35:27.940 [main] INFO  testCases.TC_001_WebDevelopmentTest - Scrolling Till the Bottom of the Page
19:35:36.826 [main] INFO  testCases.TC_001_WebDevelopmentTest - Clicking the ForEnterPrise Link
19:35:37.666 [main] INFO  testCases.TC_001_WebDevelopmentTest - Scrolling Till More in the Bottom
19:35:43.329 [main] INFO  testCases.TC_001_WebDevelopmentTest - Clicked What We Offer Link
19:35:43.607 [main] INFO  testCases.TC_001_WebDevelopmentTest - Scrolled Till the Coursera for Campus
19:35:48.315 [main] INFO  testCases.TC_001_WebDevelopmentTest - Clicked Learn More Link
19:35:49.279 [main] INFO  testCases.TC_001_WebDevelopmentTest - Scrolling Till the Haeding beside The Input Box
19:35:49.747 [main] INFO  testCases.TC_001_WebDevelopmentTest - FirstName is Entered Successfully
19:35:49.989 [main] INFO  testCases.TC_001_WebDevelopmentTest - LastName is Entered Successfully
19:35:50.871 [main] INFO  testCases.TC_001_WebDevelopmentTest - Email is Entered Successfully
19:35:51.328 [main] INFO  testCases.TC_001_WebDevelopmentTest - Phone Number is Entered Successfully
19:35:51.974 [main] INFO  testCases.TC_001_WebDevelopmentTest - Institute Type is Selected Successfully
19:35:52.182 [main] INFO  testCases.TC_001_WebDevelopmentTest - Institute Name is Entered Successfully
19:35:52.732 [main] INFO  testCases.TC_001_WebDevelopmentTest - Job Role is Selected Successfully
19:35:53.296 [main] INFO  testCases.TC_001_WebDevelopmentTest - Department is Selected Successfully
19:35:53.595 [main] INFO  testCases.TC_001_WebDevelopmentTest - Describe is Selected Successfully
19:35:53.844 [main] INFO  testCases.TC_001_WebDevelopmentTest - Expected Learner is Selected Successfully
19:35:54.350 [main] INFO  testCases.TC_001_WebDevelopmentTest - Country is Selected Successfully
19:35:54.613 [main] INFO  testCases.TC_001_WebDevelopmentTest - State is Selected Successfully
19:35:54.963 [main] INFO  testCases.TC_001_WebDevelopmentTest - Submit Button is Clicked Successfully
19:35:55.704 [main] INFO  testCases.TC_001_WebDevelopmentTest - Scrolled Till The Heading Beside of Input Boxes
19:35:57.172 [main] INFO  testCases.TC_001_WebDevelopmentTest - Successfully Printed Message of Invalid Email Address
19:35:57.172 [main] INFO  testCases.TC_001_WebDevelopmentTest - **** Finishing TC_003_ForEnterpriseTest ****
19:39:58.739 [main] INFO  factory.CucumberBaseClass - ***** Url has been Successfully Opened *****
19:40:00.149 [main] INFO  factory.CucumberBaseClass - Navigated to Coursera Home Page
19:40:02.516 [main] INFO  factory.CucumberBaseClass - Successfully entered Web Development course
19:40:07.684 [main] INFO  factory.CucumberBaseClass - Clicked the Search Button
19:40:08.300 [main] INFO  factory.CucumberBaseClass - Scrolled till the Subject checkbox
19:40:09.323 [main] INFO  factory.CucumberBaseClass - Successfully clicked the English Language
19:40:09.565 [main] INFO  factory.CucumberBaseClass - Scrolled till the Specific chechbox
19:40:10.061 [main] INFO  factory.CucumberBaseClass - Successfully clicked the Beginner level
19:40:10.334 [main] INFO  factory.CucumberBaseClass - Scrolled till the Filter Heading
19:40:12.123 [main] INFO  factory.CucumberBaseClass - Successfully verified and Clicked Course one
19:40:13.082 [main] INFO  factory.CucumberBaseClass - Navigated to the child page
19:40:19.355 [main] INFO  factory.CucumberBaseClass - Successfully verified Rating one
19:40:19.475 [main] INFO  factory.CucumberBaseClass - Successfully verified Duration One
19:40:19.579 [main] INFO  factory.CucumberBaseClass - Navigated to the parent page
19:40:20.460 [main] INFO  factory.CucumberBaseClass - Successfully verified the Second Course and Clicked it
19:40:21.712 [main] INFO  factory.CucumberBaseClass - Navigated to the child page
19:40:27.913 [main] INFO  factory.CucumberBaseClass - Scrolled till the Financial Heading
19:40:28.132 [main] INFO  factory.CucumberBaseClass - Successfully verified the Rating Two
19:40:28.422 [main] INFO  factory.CucumberBaseClass - Successfully verified the Duration Two
19:40:28.652 [main] INFO  factory.CucumberBaseClass - Navigated to the Parent page
19:40:30.413 [main] INFO  factory.CucumberBaseClass - ***** Url has been Successfully Closed *****
19:40:45.336 [main] INFO  factory.CucumberBaseClass - ***** Url has been Successfully Opened *****
19:40:45.889 [main] INFO  factory.CucumberBaseClass - ***** Test Case Two Started successfully *****
19:40:53.529 [main] INFO  factory.CucumberBaseClass - New Course Name has been entered in the SearchBox
19:40:54.010 [main] INFO  factory.CucumberBaseClass - Successfully clicked the Search Button
19:40:54.908 [main] INFO  factory.CucumberBaseClass - Scrolled till the Science checkbox
19:40:55.583 [main] INFO  factory.CucumberBaseClass - Successfully clicked the Show More option in Languages
19:40:56.874 [main] INFO  factory.CucumberBaseClass - UnCheched the English checkbox
19:41:00.711 [main] INFO  factory.CucumberBaseClass - Successfully verified and print all the Languages
19:41:00.892 [main] INFO  factory.CucumberBaseClass - Clicked the close button
19:41:01.372 [main] INFO  factory.CucumberBaseClass - Scrolled till University checkbox
19:41:02.151 [main] INFO  factory.CucumberBaseClass - Successfully verified and printed all Levels
19:41:03.728 [main] INFO  factory.CucumberBaseClass - ***** Url has been Successfully Closed *****
19:41:23.531 [main] INFO  factory.CucumberBaseClass - ***** Url has been Successfully Opened *****
19:41:23.989 [main] INFO  factory.CucumberBaseClass - ****** Test Case Three Started Successfully *****
19:41:24.156 [main] INFO  factory.CucumberBaseClass - Driver is the Coursera Home Page
19:41:24.652 [main] INFO  factory.CucumberBaseClass - Scrolled till the bottom of the page
19:41:33.881 [main] INFO  factory.CucumberBaseClass - Clicked the For Enterprise option
19:41:34.501 [main] INFO  factory.CucumberBaseClass - Scrolled till bottom of the Page
19:41:39.718 [main] INFO  factory.CucumberBaseClass - Successfully clicked the What We Offer option
19:41:39.953 [main] INFO  factory.CucumberBaseClass - Scrolled till the Campus for Coursera
19:41:46.497 [main] INFO  factory.CucumberBaseClass - Successfully clicked the Learn More Link
19:41:47.405 [main] INFO  factory.CucumberBaseClass - Scrolled till the Sales Heading
19:41:47.682 [main] INFO  factory.CucumberBaseClass - Successfully entered the First Name
19:41:47.910 [main] INFO  factory.CucumberBaseClass - Successfully entered the Last Name
19:41:48.364 [main] INFO  factory.CucumberBaseClass - Successfully entered the Email Address
19:41:48.612 [main] INFO  factory.CucumberBaseClass - Successfully entered the Phone Number
19:41:49.133 [main] INFO  factory.CucumberBaseClass - Successfully selected the Institute Type
19:41:49.325 [main] INFO  factory.CucumberBaseClass - Successfully entered the Institute Name
19:41:49.819 [main] INFO  factory.CucumberBaseClass - Successfully selected the Job Role
19:41:50.054 [main] INFO  factory.CucumberBaseClass - Successfully selected the Department
19:41:50.491 [main] INFO  factory.CucumberBaseClass - Successfully selected the Describe
19:41:50.749 [main] INFO  factory.CucumberBaseClass - Successfully selected the Expected Learner
19:41:51.259 [main] INFO  factory.CucumberBaseClass - Successfully selected the Country
19:41:51.511 [main] INFO  factory.CucumberBaseClass - Successfully selected the State
19:41:51.855 [main] INFO  factory.CucumberBaseClass - Successfully Clicked the Submit button
19:41:51.913 [main] INFO  factory.CucumberBaseClass - Scrolled till the sales heading
19:41:55.133 [main] INFO  factory.CucumberBaseClass - Successfully verified the Invalid Email message
19:41:55.133 [main] INFO  factory.CucumberBaseClass - ***** Test Case Three Finished Successfully *****
19:41:57.173 [main] INFO  factory.CucumberBaseClass - ***** Url has been Successfully Closed *****
21:47:37.557 [main] INFO  factory.DriverClass - ***** Url has been Successfully Opened *****
21:47:38.050 [main] INFO  factory.DriverClass - Navigated to Coursera Home Page
21:47:40.663 [main] INFO  factory.DriverClass - Successfully entered Web Development course
21:47:45.958 [main] INFO  factory.DriverClass - Clicked the Search Button
21:47:46.408 [main] INFO  factory.DriverClass - Scrolled till the Subject checkbox
21:47:46.865 [main] INFO  factory.DriverClass - Successfully clicked the English Language
21:47:48.228 [main] INFO  factory.DriverClass - Scrolled till the Specific chechbox
21:47:48.765 [main] INFO  factory.DriverClass - Successfully clicked the Beginner level
21:47:49.320 [main] INFO  factory.DriverClass - Scrolled till the Filter Heading
21:47:50.854 [main] INFO  factory.DriverClass - Successfully verified and Clicked Course one
21:47:51.482 [main] INFO  factory.DriverClass - Navigated to the child page
21:47:57.872 [main] INFO  factory.DriverClass - Successfully verified Rating one
21:47:58.119 [main] INFO  factory.DriverClass - Successfully verified Duration One
21:47:58.340 [main] INFO  factory.DriverClass - Navigated to the parent page
21:47:59.880 [main] INFO  factory.DriverClass - Successfully verified the Second Course and Clicked it
21:48:00.672 [main] INFO  factory.DriverClass - Navigated to the child page
21:48:04.808 [main] INFO  factory.DriverClass - Scrolled till the Financial Heading
21:48:05.274 [main] INFO  factory.DriverClass - Successfully verified the Rating Two
21:48:06.033 [main] INFO  factory.DriverClass - Successfully verified the Duration Two
21:48:06.193 [main] INFO  factory.DriverClass - Navigated to the Parent page
21:48:08.286 [main] INFO  factory.DriverClass - ***** Url has been Successfully Closed *****
21:48:25.769 [main] INFO  factory.DriverClass - ***** Url has been Successfully Opened *****
21:48:26.227 [main] INFO  factory.DriverClass - ***** Test Case Two Started successfully *****
21:48:34.279 [main] INFO  factory.DriverClass - New Course Name has been entered in the SearchBox
21:48:34.648 [main] INFO  factory.DriverClass - Successfully clicked the Search Button
21:48:35.397 [main] INFO  factory.DriverClass - Scrolled till the Science checkbox
21:48:35.797 [main] INFO  factory.DriverClass - Successfully clicked the Show More option in Languages
21:48:36.604 [main] INFO  factory.DriverClass - UnCheched the English checkbox
21:48:40.625 [main] INFO  factory.DriverClass - Successfully verified and print all the Languages
21:48:40.818 [main] INFO  factory.DriverClass - Clicked the close button
21:48:41.389 [main] INFO  factory.DriverClass - Scrolled till University checkbox
21:48:42.289 [main] INFO  factory.DriverClass - Successfully verified and printed all Levels
21:48:44.152 [main] INFO  factory.DriverClass - ***** Url has been Successfully Closed *****
21:48:59.947 [main] INFO  factory.DriverClass - ***** Url has been Successfully Opened *****
21:49:00.464 [main] INFO  factory.DriverClass - ****** Test Case Three Started Successfully *****
21:49:00.633 [main] INFO  factory.DriverClass - Driver is the Coursera Home Page
21:49:01.083 [main] INFO  factory.DriverClass - Scrolled till the bottom of the page
21:49:09.153 [main] INFO  factory.DriverClass - Clicked the For Enterprise option
21:49:09.796 [main] INFO  factory.DriverClass - Scrolled till bottom of the Page
21:49:17.915 [main] INFO  factory.DriverClass - Successfully clicked the What We Offer option
21:49:18.142 [main] INFO  factory.DriverClass - Scrolled till the Campus for Coursera
21:49:22.568 [main] INFO  factory.DriverClass - Successfully clicked the Learn More Link
21:49:23.590 [main] INFO  factory.DriverClass - Scrolled till the Sales Heading
21:49:23.896 [main] INFO  factory.DriverClass - Successfully entered the First Name
21:49:24.143 [main] INFO  factory.DriverClass - Successfully entered the Last Name
21:49:24.625 [main] INFO  factory.DriverClass - Successfully entered the Email Address
21:49:24.854 [main] INFO  factory.DriverClass - Successfully entered the Phone Number
21:49:25.400 [main] INFO  factory.DriverClass - Successfully selected the Institute Type
21:49:25.657 [main] INFO  factory.DriverClass - Successfully entered the Institute Name
21:49:26.168 [main] INFO  factory.DriverClass - Successfully selected the Job Role
21:49:26.444 [main] INFO  factory.DriverClass - Successfully selected the Department
21:49:26.946 [main] INFO  factory.DriverClass - Successfully selected the Describe
21:49:27.211 [main] INFO  factory.DriverClass - Successfully selected the Expected Learner
21:49:27.715 [main] INFO  factory.DriverClass - Successfully selected the Country
21:49:27.979 [main] INFO  factory.DriverClass - Successfully selected the State
21:49:28.369 [main] INFO  factory.DriverClass - Successfully Clicked the Submit button
21:49:28.409 [main] INFO  factory.DriverClass - Scrolled till the sales heading
21:49:31.292 [main] INFO  factory.DriverClass - Successfully verified the Invalid Email message
21:49:31.292 [main] INFO  factory.DriverClass - ***** Test Case Three Finished Successfully *****
21:49:32.944 [main] INFO  factory.DriverClass - ***** Url has been Successfully Closed *****
