09:45:34.937 [main] INFO  factory.DriverClass - Successfully verified the Rating Two
09:45:36.447 [main] INFO  factory.DriverClass - Successfully verified the Duration Two
09:45:36.620 [main] INFO  factory.DriverClass - Navigated to the Parent page
09:45:39.037 [main] INFO  factory.DriverClass - ***** Url has been Successfully Closed *****
09:45:50.729 [main] INFO  factory.DriverClass - ***** Url has been Successfully Opened *****
09:46:07.215 [main] INFO  factory.DriverClass - ***** Test Case Two Started successfully *****
09:46:18.168 [main] INFO  factory.DriverClass - New Course Name has been entered in the SearchBox
09:46:18.719 [main] INFO  factory.DriverClass - Successfully clicked the Search Button
09:46:19.781 [main] INFO  factory.DriverClass - Scrolled till the Science checkbox
09:46:20.341 [main] INFO  factory.DriverClass - Successfully clicked the Show More option in Languages
09:46:22.382 [main] INFO  factory.DriverClass - UnCheched the English checkbox
09:46:27.284 [main] INFO  factory.DriverClass - Successfully verified and print all the Languages
09:46:27.663 [main] INFO  factory.DriverClass - Clicked the close button
09:46:28.432 [main] INFO  factory.DriverClass - Scrolled till University checkbox
09:46:30.318 [main] INFO  factory.DriverClass - Successfully verified and printed all Levels
09:46:32.478 [main] INFO  factory.DriverClass - ***** Url has been Successfully Closed *****
09:46:58.032 [main] INFO  factory.DriverClass - ***** Url has been Successfully Opened *****
09:46:59.053 [main] INFO  factory.DriverClass - ****** Test Case Three Started Successfully *****
09:46:59.341 [main] INFO  factory.DriverClass - Driver is the Coursera Home Page
09:47:00.420 [main] INFO  factory.DriverClass - Scrolled till the bottom of the page
09:47:18.722 [main] INFO  factory.DriverClass - Clicked the For Enterprise option
09:47:19.798 [main] INFO  factory.DriverClass - Scrolled till bottom of the Page
09:47:26.003 [main] INFO  factory.DriverClass - Successfully clicked the What We Offer option
09:47:26.453 [main] INFO  factory.DriverClass - Scrolled till the Campus for Coursera
09:47:35.286 [main] INFO  factory.DriverClass - Successfully clicked the Learn More Link
09:47:36.277 [main] INFO  factory.DriverClass - Scrolled till the Sales Heading
09:47:36.998 [main] INFO  factory.DriverClass - Successfully entered the First Name
09:47:37.324 [main] INFO  factory.DriverClass - Successfully entered the Last Name
09:47:37.799 [main] INFO  factory.DriverClass - Successfully entered the Email Address
09:47:38.075 [main] INFO  factory.DriverClass - Successfully entered the Phone Number
09:47:38.981 [main] INFO  factory.DriverClass - Successfully selected the Institute Type
09:47:39.379 [main] INFO  factory.DriverClass - Successfully entered the Institute Name
09:47:40.377 [main] INFO  factory.DriverClass - Successfully selected the Job Role
09:47:40.842 [main] INFO  factory.DriverClass - Successfully selected the Department
09:47:41.606 [main] INFO  factory.DriverClass - Successfully selected the Describe
09:47:42.231 [main] INFO  factory.DriverClass - Successfully selected the Expected Learner
09:47:43.082 [main] INFO  factory.DriverClass - Successfully selected the Country
09:47:43.468 [main] INFO  factory.DriverClass - Successfully selected the State
09:47:44.013 [main] INFO  factory.DriverClass - Successfully Clicked the Submit button
09:47:44.114 [main] INFO  factory.DriverClass - Scrolled till the sales heading
09:47:47.145 [main] INFO  factory.DriverClass - Successfully verified the Invalid Email message
09:47:47.146 [main] INFO  factory.DriverClass - ***** Test Case Three Finished Successfully *****
09:47:48.968 [main] INFO  factory.DriverClass - ***** Url has been Successfully Closed *****
10:07:14.563 [main] INFO  testCases.TC_001 - **** Starting TC_001_WebDevelopmentTest ****
10:07:17.264 [main] INFO  testCases.TC_001 - Course Name Sent Successfully
10:07:59.120 [main] INFO  testCases.TC_001 - Clicked on Search Button
10:08:00.081 [main] INFO  testCases.TC_001 - Scrolled Till Subject
10:08:00.907 [main] INFO  testCases.TC_001 - Clicked English Language
10:08:01.520 [main] INFO  testCases.TC_001 - Scrolled Till Specific
10:08:01.989 [main] INFO  testCases.TC_001 - Clicked Begginer CheckBox
10:08:02.439 [main] INFO  testCases.TC_001 - Scrolled Till Filter
10:08:07.133 [main] INFO  testCases.TC_001 - Course One is Clicked and Successfully Printed
10:08:08.221 [main] INFO  testCases.TC_001 - Switched To First Course Name
10:08:50.945 [main] INFO  testCases.TC_001 - Successfully Printed Rating of Course One
10:08:51.178 [main] INFO  testCases.TC_001 - Successfully Printed Duration of Course One
10:08:51.336 [main] INFO  testCases.TC_001 - Switched To Parent Page
10:08:52.469 [main] INFO  testCases.TC_001 - Course One is Clicked and Successfully Printed
10:08:54.882 [main] INFO  testCases.TC_001 - Switched To The Second Course Page
10:09:36.549 [main] INFO  testCases.TC_001 - Scrolled till Financial
10:09:36.857 [main] INFO  testCases.TC_001 - Successfully Printed Rating of Course Two
10:09:37.118 [main] INFO  testCases.TC_001 - Successfully Printed Duration of Course Two
10:09:37.259 [main] INFO  testCases.TC_001 - Switched To The Parent Page
10:09:37.259 [main] INFO  testCases.TC_001 - **** Finishing TC_001_WebDevelopmentTest ****
10:09:38.001 [main] INFO  testCases.TC_001 - **** Starting TC_002_LanguageLearningTest ****
10:09:40.164 [main] INFO  testCases.TC_001 - Successfully Cleared The Course Name And Entered New Course
10:09:40.689 [main] INFO  testCases.TC_001 - Clicked Search Button
10:09:42.056 [main] INFO  testCases.TC_001 - Scrolled Till Science
10:09:42.619 [main] INFO  testCases.TC_001 - Clicked Show More in Language CheckBox
10:09:43.919 [main] INFO  testCases.TC_001 - Unclicking The English Language
10:09:51.121 [main] INFO  testCases.TC_001 - Successfully Printing Total
10:09:51.410 [main] INFO  testCases.TC_001 - Clicked Close Button in All Language Box
10:09:52.191 [main] INFO  testCases.TC_001 - Scrolled Till University CheckBox
10:09:53.631 [main] INFO  testCases.TC_001 - Successfully Printed All The Levels
10:09:53.632 [main] INFO  testCases.TC_001 - **** Finished TC_002_LanguageLearningTest ****
10:09:54.110 [main] INFO  testCases.TC_001 - **** Starting TC_003_ForEnterpriseTest ****
10:10:34.694 [main] INFO  testCases.TC_001 - Clicking the Title Icon To naviage Back
10:10:35.299 [main] INFO  testCases.TC_001 - Scrolling Till the Bottom of the Page
10:11:18.381 [main] INFO  testCases.TC_001 - Clicking the ForEnterPrise Link
10:11:19.191 [main] INFO  testCases.TC_001 - Scrolling Till More in the Bottom
10:11:56.706 [main] INFO  testCases.TC_001 - Clicked What We Offer Link
10:11:57.158 [main] INFO  testCases.TC_001 - Scrolled Till the Coursera for Campus
10:12:37.132 [main] INFO  testCases.TC_001 - Clicked Learn More Link
10:12:39.803 [main] INFO  testCases.TC_001 - Scrolling Till the Haeding beside The Input Box
10:12:40.519 [main] INFO  testCases.TC_001 - FirstName is Entered Successfully
10:12:40.937 [main] INFO  testCases.TC_001 - LastName is Entered Successfully
10:12:41.909 [main] INFO  testCases.TC_001 - Email is Entered Successfully
10:12:42.853 [main] INFO  testCases.TC_001 - Phone Number is Entered Successfully
10:12:44.327 [main] INFO  testCases.TC_001 - Institute Type is Selected Successfully
10:12:44.722 [main] INFO  testCases.TC_001 - Institute Name is Entered Successfully
10:12:46.050 [main] INFO  testCases.TC_001 - Job Role is Selected Successfully
10:12:47.964 [main] INFO  testCases.TC_001 - Department is Selected Successfully
10:12:48.768 [main] INFO  testCases.TC_001 - Describe is Selected Successfully
10:12:49.487 [main] INFO  testCases.TC_001 - Expected Learner is Selected Successfully
10:12:50.696 [main] INFO  testCases.TC_001 - Country is Selected Successfully
10:12:51.203 [main] INFO  testCases.TC_001 - State is Selected Successfully
10:12:51.813 [main] INFO  testCases.TC_001 - Submit Button is Clicked Successfully
10:12:52.404 [main] INFO  testCases.TC_001 - Scrolled Till The Heading Beside of Input Boxes
10:12:54.882 [main] INFO  testCases.TC_001 - Successfully Printed Message of Invalid Email Address
10:12:54.883 [main] INFO  testCases.TC_001 - **** Finishing TC_003_ForEnterpriseTest ****
10:52:15.104 [main] INFO  testCases.TC_001 - **** Starting TC_001_WebDevelopmentTest ****
10:52:18.167 [main] INFO  testCases.TC_001 - Course Name Sent Successfully
10:52:28.168 [main] INFO  testCases.TC_001 - Clicked on Search Button
10:52:30.353 [main] INFO  testCases.TC_001 - Scrolled Till Subject
10:52:31.622 [main] INFO  testCases.TC_001 - Clicked English Language
10:52:32.477 [main] INFO  testCases.TC_001 - Scrolled Till Specific
10:52:33.278 [main] INFO  testCases.TC_001 - Clicked Begginer CheckBox
10:52:34.037 [main] INFO  testCases.TC_001 - Scrolled Till Filter
10:52:36.675 [main] INFO  testCases.TC_001 - Course One is Clicked and Successfully Printed
10:52:41.399 [main] INFO  testCases.TC_001 - Switched To First Course Name
10:53:06.126 [main] INFO  testCases.TC_001 - Successfully Printed Rating of Course One
10:53:06.394 [main] INFO  testCases.TC_001 - Successfully Printed Duration of Course One
10:53:06.575 [main] INFO  testCases.TC_001 - Switched To Parent Page
10:53:07.795 [main] INFO  testCases.TC_001 - Course One is Clicked and Successfully Printed
10:53:09.743 [main] INFO  testCases.TC_001 - Switched To The Second Course Page
10:53:37.774 [main] INFO  testCases.TC_001 - Scrolled till Financial
10:53:38.425 [main] INFO  testCases.TC_001 - Successfully Printed Rating of Course Two
10:53:38.833 [main] INFO  testCases.TC_001 - Successfully Printed Duration of Course Two
10:53:39.014 [main] INFO  testCases.TC_001 - Switched To The Parent Page
10:53:39.014 [main] INFO  testCases.TC_001 - **** Finishing TC_001_WebDevelopmentTest ****
10:53:39.767 [main] INFO  testCases.TC_001 - **** Starting TC_002_LanguageLearningTest ****
10:53:42.371 [main] INFO  testCases.TC_001 - Successfully Cleared The Course Name And Entered New Course
10:53:43.268 [main] INFO  testCases.TC_001 - Clicked Search Button
10:53:44.743 [main] INFO  testCases.TC_001 - Scrolled Till Science
10:53:45.766 [main] INFO  testCases.TC_001 - Clicked Show More in Language CheckBox
10:53:47.330 [main] INFO  testCases.TC_001 - Unclicking The English Language
10:53:54.726 [main] INFO  testCases.TC_001 - Successfully Printing Total
10:53:55.102 [main] INFO  testCases.TC_001 - Clicked Close Button in All Language Box
10:53:56.053 [main] INFO  testCases.TC_001 - Scrolled Till University CheckBox
10:53:57.467 [main] INFO  testCases.TC_001 - Successfully Printed All The Levels
10:53:57.468 [main] INFO  testCases.TC_001 - **** Finished TC_002_LanguageLearningTest ****
10:53:58.008 [main] INFO  testCases.TC_001 - **** Starting TC_003_ForEnterpriseTest ****
10:54:26.347 [main] INFO  testCases.TC_001 - Clicking the Title Icon To naviage Back
10:54:27.165 [main] INFO  testCases.TC_001 - Scrolling Till the Bottom of the Page
10:54:58.202 [main] INFO  testCases.TC_001 - Clicking the ForEnterPrise Link
10:54:59.392 [main] INFO  testCases.TC_001 - Scrolling Till More in the Bottom
10:55:23.877 [main] INFO  testCases.TC_001 - Clicked What We Offer Link
10:55:24.448 [main] INFO  testCases.TC_001 - Scrolled Till the Coursera for Campus
10:55:52.105 [main] INFO  testCases.TC_001 - Clicked Learn More Link
10:55:53.987 [main] INFO  testCases.TC_001 - Scrolling Till the Haeding beside The Input Box
10:55:54.444 [main] INFO  testCases.TC_001 - FirstName is Entered Successfully
10:55:54.778 [main] INFO  testCases.TC_001 - LastName is Entered Successfully
10:55:55.550 [main] INFO  testCases.TC_001 - Email is Entered Successfully
10:55:56.527 [main] INFO  testCases.TC_001 - Phone Number is Entered Successfully
10:55:57.533 [main] INFO  testCases.TC_001 - Institute Type is Selected Successfully
10:55:57.828 [main] INFO  testCases.TC_001 - Institute Name is Entered Successfully
10:55:58.678 [main] INFO  testCases.TC_001 - Job Role is Selected Successfully
10:55:59.630 [main] INFO  testCases.TC_001 - Department is Selected Successfully
10:56:00.147 [main] INFO  testCases.TC_001 - Describe is Selected Successfully
10:56:00.645 [main] INFO  testCases.TC_001 - Expected Learner is Selected Successfully
10:56:01.904 [main] INFO  testCases.TC_001 - Country is Selected Successfully
10:56:02.726 [main] INFO  testCases.TC_001 - State is Selected Successfully
10:56:03.239 [main] INFO  testCases.TC_001 - Submit Button is Clicked Successfully
10:56:03.735 [main] INFO  testCases.TC_001 - Scrolled Till The Heading Beside of Input Boxes
10:56:07.532 [main] INFO  testCases.TC_001 - Successfully Printed Message of Invalid Email Address
10:56:07.532 [main] INFO  testCases.TC_001 - **** Finishing TC_003_ForEnterpriseTest ****
16:41:05.761 [main] INFO  testCases.TC_001 - **** Starting TC_001_WebDevelopmentTest ****
16:41:20.094 [main] INFO  testCases.TC_001 - Course Name Sent Successfully
16:41:29.698 [main] INFO  testCases.TC_001 - Clicked on Search Button
16:41:32.055 [main] INFO  testCases.TC_001 - Scrolled Till Subject
16:41:33.734 [main] INFO  testCases.TC_001 - Clicked English Language
16:41:36.165 [main] INFO  testCases.TC_001 - Scrolled Till Specific
16:41:37.285 [main] INFO  testCases.TC_001 - Clicked Begginer CheckBox
16:41:37.918 [main] INFO  testCases.TC_001 - Scrolled Till Filter
16:41:41.856 [main] INFO  testCases.TC_001 - Course One is Clicked and Successfully Printed
16:41:45.061 [main] INFO  testCases.TC_001 - Switched To First Course Name
16:41:52.132 [main] INFO  testCases.TC_001 - Successfully Printed Rating of Course One
16:41:52.574 [main] INFO  testCases.TC_001 - Successfully Printed Duration of Course One
16:41:52.878 [main] INFO  testCases.TC_001 - Switched To Parent Page
16:41:56.502 [main] INFO  testCases.TC_001 - Course One is Clicked and Successfully Printed
16:42:03.671 [main] INFO  testCases.TC_001 - Switched To The Second Course Page
16:42:10.448 [main] INFO  testCases.TC_001 - Scrolled till Financial
16:42:11.170 [main] INFO  testCases.TC_001 - Successfully Printed Rating of Course Two
16:42:11.464 [main] INFO  testCases.TC_001 - Successfully Printed Duration of Course Two
16:42:11.817 [main] INFO  testCases.TC_001 - Switched To The Parent Page
16:42:11.817 [main] INFO  testCases.TC_001 - **** Finishing TC_001_WebDevelopmentTest ****
16:42:12.635 [main] INFO  testCases.TC_001 - **** Starting TC_002_LanguageLearningTest ****
16:42:15.229 [main] INFO  testCases.TC_001 - Successfully Cleared The Course Name And Entered New Course
16:42:17.284 [main] INFO  testCases.TC_001 - Clicked Search Button
16:42:18.312 [main] INFO  testCases.TC_001 - Scrolled Till Science
16:42:19.262 [main] INFO  testCases.TC_001 - Clicked Show More in Language CheckBox
16:42:20.792 [main] INFO  testCases.TC_001 - Unclicking The English Language
16:42:26.617 [main] INFO  testCases.TC_001 - Successfully Printing Total
16:42:26.930 [main] INFO  testCases.TC_001 - Clicked Close Button in All Language Box
16:42:27.850 [main] INFO  testCases.TC_001 - Scrolled Till University CheckBox
16:42:29.251 [main] INFO  testCases.TC_001 - Successfully Printed All The Levels
16:42:29.251 [main] INFO  testCases.TC_001 - **** Finished TC_002_LanguageLearningTest ****
16:42:29.888 [main] INFO  testCases.TC_001 - **** Starting TC_003_ForEnterpriseTest ****
16:42:39.157 [main] INFO  testCases.TC_001 - Clicking the Title Icon To naviage Back
16:42:40.106 [main] INFO  testCases.TC_001 - Scrolling Till the Bottom of the Page
16:42:50.880 [main] INFO  testCases.TC_001 - Clicking the ForEnterPrise Link
16:42:52.233 [main] INFO  testCases.TC_001 - Scrolling Till More in the Bottom
16:42:57.743 [main] INFO  testCases.TC_001 - Clicked What We Offer Link
16:42:58.291 [main] INFO  testCases.TC_001 - Scrolled Till the Coursera for Campus
16:43:06.801 [main] INFO  testCases.TC_001 - Clicked Learn More Link
16:43:08.627 [main] INFO  testCases.TC_001 - Scrolling Till the Haeding beside The Input Box
16:43:09.116 [main] INFO  testCases.TC_001 - FirstName is Entered Successfully
16:43:09.470 [main] INFO  testCases.TC_001 - LastName is Entered Successfully
16:43:10.274 [main] INFO  testCases.TC_001 - Email is Entered Successfully
16:43:11.076 [main] INFO  testCases.TC_001 - Phone Number is Entered Successfully
16:43:11.939 [main] INFO  testCases.TC_001 - Institute Type is Selected Successfully
16:43:12.264 [main] INFO  testCases.TC_001 - Institute Name is Entered Successfully
16:43:13.112 [main] INFO  testCases.TC_001 - Job Role is Selected Successfully
16:43:13.977 [main] INFO  testCases.TC_001 - Department is Selected Successfully
16:43:14.476 [main] INFO  testCases.TC_001 - Describe is Selected Successfully
16:43:14.909 [main] INFO  testCases.TC_001 - Expected Learner is Selected Successfully
16:43:15.906 [main] INFO  testCases.TC_001 - Country is Selected Successfully
16:43:16.363 [main] INFO  testCases.TC_001 - State is Selected Successfully
16:43:17.015 [main] INFO  testCases.TC_001 - Submit Button is Clicked Successfully
16:43:18.040 [main] INFO  testCases.TC_001 - Scrolled Till The Heading Beside of Input Boxes
16:43:20.021 [main] INFO  testCases.TC_001 - Successfully Printed Message of Invalid Email Address
16:43:20.021 [main] INFO  testCases.TC_001 - **** Finishing TC_003_ForEnterpriseTest ****
10:35:47.032 [main] INFO  factory.DriverClass - ***** Url has been Successfully Opened *****
10:35:47.474 [main] INFO  factory.DriverClass - Navigated to Coursera Home Page
10:35:49.925 [main] INFO  factory.DriverClass - Successfully entered Web Development course
10:36:07.740 [main] INFO  factory.DriverClass - Clicked the Search Button
10:36:08.137 [main] INFO  factory.DriverClass - Scrolled till the Subject checkbox
10:36:08.593 [main] INFO  factory.DriverClass - Successfully clicked the English Language
10:36:08.914 [main] INFO  factory.DriverClass - Scrolled till the Specific chechbox
10:36:09.270 [main] INFO  factory.DriverClass - Successfully clicked the Beginner level
10:36:11.215 [main] INFO  factory.DriverClass - Scrolled till the Filter Heading
10:36:12.344 [main] INFO  factory.DriverClass - Successfully verified and Clicked Course one
10:36:13.072 [main] INFO  factory.DriverClass - Navigated to the child page
10:36:42.506 [main] INFO  factory.DriverClass - Successfully verified Rating one
10:36:42.623 [main] INFO  factory.DriverClass - Successfully verified Duration One
10:36:42.758 [main] INFO  factory.DriverClass - Navigated to the parent page
10:36:43.694 [main] INFO  factory.DriverClass - Successfully verified the Second Course and Clicked it
10:36:44.542 [main] INFO  factory.DriverClass - Navigated to the child page
10:37:10.429 [main] INFO  factory.DriverClass - Scrolled till the Financial Heading
10:37:10.725 [main] INFO  factory.DriverClass - Successfully verified the Rating Two
10:37:11.000 [main] INFO  factory.DriverClass - Successfully verified the Duration Two
10:37:11.144 [main] INFO  factory.DriverClass - Navigated to the Parent page
10:37:13.172 [main] INFO  factory.DriverClass - ***** Url has been Successfully Closed *****
10:37:38.254 [main] INFO  factory.DriverClass - ***** Url has been Successfully Opened *****
10:37:40.487 [main] INFO  factory.DriverClass - ***** Test Case Two Started successfully *****
10:38:01.810 [main] INFO  factory.DriverClass - New Course Name has been entered in the SearchBox
10:38:02.088 [main] INFO  factory.DriverClass - Successfully clicked the Search Button
10:38:03.264 [main] INFO  factory.DriverClass - Scrolled till the Science checkbox
10:38:03.790 [main] INFO  factory.DriverClass - Successfully clicked the Show More option in Languages
10:38:05.106 [main] INFO  factory.DriverClass - UnCheched the English checkbox
10:38:09.252 [main] INFO  factory.DriverClass - Successfully verified and print all the Languages
10:38:09.408 [main] INFO  factory.DriverClass - Clicked the close button
10:38:09.960 [main] INFO  factory.DriverClass - Scrolled till University checkbox
10:38:11.384 [main] INFO  factory.DriverClass - Successfully verified and printed all Levels
10:38:13.161 [main] INFO  factory.DriverClass - ***** Url has been Successfully Closed *****
10:38:30.440 [main] INFO  factory.DriverClass - ***** Url has been Successfully Opened *****
10:38:30.974 [main] INFO  factory.DriverClass - ****** Test Case Three Started Successfully *****
10:38:31.135 [main] INFO  factory.DriverClass - Driver is the Coursera Home Page
10:38:31.607 [main] INFO  factory.DriverClass - Scrolled till the bottom of the page
10:38:59.212 [main] INFO  factory.DriverClass - Clicked the For Enterprise option
10:38:59.851 [main] INFO  factory.DriverClass - Scrolled till bottom of the Page
10:39:25.563 [main] INFO  factory.DriverClass - Successfully clicked the What We Offer option
10:39:25.829 [main] INFO  factory.DriverClass - Scrolled till the Campus for Coursera
10:39:50.498 [main] INFO  factory.DriverClass - Successfully clicked the Learn More Link
10:39:51.438 [main] INFO  factory.DriverClass - Scrolled till the Sales Heading
10:39:51.746 [main] INFO  factory.DriverClass - Successfully entered the First Name
10:39:52.021 [main] INFO  factory.DriverClass - Successfully entered the Last Name
10:39:52.537 [main] INFO  factory.DriverClass - Successfully entered the Email Address
10:39:52.785 [main] INFO  factory.DriverClass - Successfully entered the Phone Number
10:39:53.396 [main] INFO  factory.DriverClass - Successfully selected the Institute Type
10:39:53.669 [main] INFO  factory.DriverClass - Successfully entered the Institute Name
10:39:54.077 [main] INFO  factory.DriverClass - Successfully selected the Job Role
10:39:54.315 [main] INFO  factory.DriverClass - Successfully selected the Department
10:39:54.750 [main] INFO  factory.DriverClass - Successfully selected the Describe
10:39:55.070 [main] INFO  factory.DriverClass - Successfully selected the Expected Learner
10:39:55.587 [main] INFO  factory.DriverClass - Successfully selected the Country
10:39:55.840 [main] INFO  factory.DriverClass - Successfully selected the State
10:39:56.146 [main] INFO  factory.DriverClass - Successfully Clicked the Submit button
10:39:56.189 [main] INFO  factory.DriverClass - Scrolled till the sales heading
10:40:00.333 [main] INFO  factory.DriverClass - Successfully verified the Invalid Email message
10:40:00.333 [main] INFO  factory.DriverClass - ***** Test Case Three Finished Successfully *****
10:40:01.766 [main] INFO  factory.DriverClass - ***** Url has been Successfully Closed *****
16:04:48.282 [main] INFO  testCases.TC_001 - **** Starting TC_001_WebDevelopmentTest ****
16:05:08.262 [main] INFO  testCases.TC_001 - Course Name Sent Successfully
16:05:27.045 [main] INFO  testCases.TC_001 - Clicked on Search Button
16:05:27.983 [main] INFO  testCases.TC_001 - Scrolled Till Subject
16:05:28.721 [main] INFO  testCases.TC_001 - Clicked English Language
16:05:30.596 [main] INFO  testCases.TC_001 - Scrolled Till Specific
16:05:31.430 [main] INFO  testCases.TC_001 - Clicked Begginer CheckBox
16:05:31.713 [main] INFO  testCases.TC_001 - Scrolled Till Filter
16:05:33.755 [main] INFO  testCases.TC_001 - Course One is Clicked and Successfully Printed
16:05:34.357 [main] INFO  testCases.TC_001 - Switched To First Course Name
16:06:11.972 [main] INFO  testCases.TC_001 - Successfully Printed Rating of Course One
16:06:12.398 [main] INFO  testCases.TC_001 - Successfully Printed Duration of Course One
16:06:12.522 [main] INFO  testCases.TC_001 - Switched To Parent Page
16:06:13.642 [main] INFO  testCases.TC_001 - Course One is Clicked and Successfully Printed
16:06:15.591 [main] INFO  testCases.TC_001 - Switched To The Second Course Page
16:06:49.556 [main] INFO  testCases.TC_001 - Scrolled till Financial
16:06:49.740 [main] INFO  testCases.TC_001 - Successfully Printed Rating of Course Two
16:06:49.965 [main] INFO  testCases.TC_001 - Successfully Printed Duration of Course Two
16:06:50.068 [main] INFO  testCases.TC_001 - Switched To The Parent Page
16:06:50.068 [main] INFO  testCases.TC_001 - **** Finishing TC_001_WebDevelopmentTest ****
16:06:50.506 [main] INFO  testCases.TC_001 - **** Starting TC_002_LanguageLearningTest ****
16:06:51.615 [main] INFO  testCases.TC_001 - Successfully Cleared The Course Name And Entered New Course
16:06:52.051 [main] INFO  testCases.TC_001 - Clicked Search Button
16:06:52.273 [main] INFO  testCases.TC_001 - Scrolled Till Science
16:06:53.458 [main] INFO  testCases.TC_001 - Clicked Show More in Language CheckBox
16:06:54.380 [main] INFO  testCases.TC_001 - Unclicking The English Language
16:06:58.130 [main] INFO  testCases.TC_001 - Successfully Printing Total
16:06:58.260 [main] INFO  testCases.TC_001 - Clicked Close Button in All Language Box
16:06:58.568 [main] INFO  testCases.TC_001 - Scrolled Till University CheckBox
16:07:00.119 [main] INFO  testCases.TC_001 - Successfully Printed All The Levels
16:07:00.119 [main] INFO  testCases.TC_001 - **** Finished TC_002_LanguageLearningTest ****
16:07:00.462 [main] INFO  testCases.TC_001 - **** Starting TC_003_ForEnterpriseTest ****
16:07:28.740 [main] INFO  testCases.TC_001 - Clicking the Title Icon To naviage Back
16:07:29.510 [main] INFO  testCases.TC_001 - Scrolling Till the Bottom of the Page
16:08:22.017 [main] INFO  testCases.TC_001 - Clicking the ForEnterPrise Link
16:08:22.976 [main] INFO  testCases.TC_001 - Scrolling Till More in the Bottom
16:08:54.611 [main] INFO  testCases.TC_001 - Clicked What We Offer Link
16:08:54.882 [main] INFO  testCases.TC_001 - Scrolled Till the Coursera for Campus
16:09:50.119 [main] INFO  testCases.TC_001 - Clicked Learn More Link
16:09:51.033 [main] INFO  testCases.TC_001 - Scrolling Till the Haeding beside The Input Box
16:09:51.823 [main] INFO  testCases.TC_001 - FirstName is Entered Successfully
16:09:52.198 [main] INFO  testCases.TC_001 - LastName is Entered Successfully
16:09:52.991 [main] INFO  testCases.TC_001 - Email is Entered Successfully
16:09:53.586 [main] INFO  testCases.TC_001 - Phone Number is Entered Successfully
16:09:54.255 [main] INFO  testCases.TC_001 - Institute Type is Selected Successfully
16:09:54.744 [main] INFO  testCases.TC_001 - Institute Name is Entered Successfully
16:09:55.500 [main] INFO  testCases.TC_001 - Job Role is Selected Successfully
16:09:56.128 [main] INFO  testCases.TC_001 - Department is Selected Successfully
16:09:56.486 [main] INFO  testCases.TC_001 - Describe is Selected Successfully
16:09:56.752 [main] INFO  testCases.TC_001 - Expected Learner is Selected Successfully
16:09:57.305 [main] INFO  testCases.TC_001 - Country is Selected Successfully
16:09:57.609 [main] INFO  testCases.TC_001 - State is Selected Successfully
16:09:57.969 [main] INFO  testCases.TC_001 - Submit Button is Clicked Successfully
16:09:58.354 [main] INFO  testCases.TC_001 - Scrolled Till The Heading Beside of Input Boxes
16:10:16.365 [main] INFO  testCases.TC_001 - Successfully Printed Message of Invalid Email Address
16:10:16.365 [main] INFO  testCases.TC_001 - **** Finishing TC_003_ForEnterpriseTest ****
16:11:48.814 [main] INFO  factory.DriverClass - ***** Url has been Successfully Opened *****
16:11:49.642 [main] INFO  factory.DriverClass - Navigated to Coursera Home Page
16:11:53.024 [main] INFO  factory.DriverClass - Successfully entered Web Development course
16:12:11.383 [main] INFO  factory.DriverClass - Clicked the Search Button
16:12:11.791 [main] INFO  factory.DriverClass - Scrolled till the Subject checkbox
16:12:12.213 [main] INFO  factory.DriverClass - Successfully clicked the English Language
16:12:12.517 [main] INFO  factory.DriverClass - Scrolled till the Specific chechbox
16:12:12.878 [main] INFO  factory.DriverClass - Successfully clicked the Beginner level
16:12:13.132 [main] INFO  factory.DriverClass - Scrolled till the Filter Heading
16:12:15.998 [main] INFO  factory.DriverClass - Successfully verified and Clicked Course one
16:12:16.730 [main] INFO  factory.DriverClass - Navigated to the child page
16:12:22.146 [main] INFO  factory.DriverClass - Successfully verified Rating one
16:12:22.305 [main] INFO  factory.DriverClass - Successfully verified Duration One
16:12:22.390 [main] INFO  factory.DriverClass - Navigated to the parent page
16:12:23.243 [main] INFO  factory.DriverClass - Successfully verified the Second Course and Clicked it
16:12:23.995 [main] INFO  factory.DriverClass - Navigated to the child page
16:13:02.244 [main] INFO  factory.DriverClass - Scrolled till the Financial Heading
16:13:02.442 [main] INFO  factory.DriverClass - Successfully verified the Rating Two
16:13:02.704 [main] INFO  factory.DriverClass - Successfully verified the Duration Two
16:13:02.823 [main] INFO  factory.DriverClass - Navigated to the Parent page
16:13:04.610 [main] INFO  factory.DriverClass - ***** Url has been Successfully Closed *****
16:13:13.202 [main] INFO  factory.DriverClass - ***** Url has been Successfully Opened *****
16:13:45.644 [main] INFO  factory.DriverClass - ***** Test Case Two Started successfully *****
16:14:22.217 [main] INFO  factory.DriverClass - New Course Name has been entered in the SearchBox
16:14:22.580 [main] INFO  factory.DriverClass - Successfully clicked the Search Button
16:14:24.305 [main] INFO  factory.DriverClass - Scrolled till the Science checkbox
16:14:24.878 [main] INFO  factory.DriverClass - Successfully clicked the Show More option in Languages
16:14:25.742 [main] INFO  factory.DriverClass - UnCheched the English checkbox
16:14:29.422 [main] INFO  factory.DriverClass - Successfully verified and print all the Languages
16:14:29.594 [main] INFO  factory.DriverClass - Clicked the close button
16:14:30.205 [main] INFO  factory.DriverClass - Scrolled till University checkbox
16:14:32.438 [main] INFO  factory.DriverClass - Successfully verified and printed all Levels
16:14:34.113 [main] INFO  factory.DriverClass - ***** Url has been Successfully Closed *****
16:15:16.413 [main] INFO  factory.DriverClass - ***** Url has been Successfully Opened *****
16:15:16.998 [main] INFO  factory.DriverClass - ****** Test Case Three Started Successfully *****
16:15:17.101 [main] INFO  factory.DriverClass - Driver is the Coursera Home Page
16:15:17.717 [main] INFO  factory.DriverClass - Scrolled till the bottom of the page
16:15:50.530 [main] INFO  factory.DriverClass - Clicked the For Enterprise option
16:15:51.280 [main] INFO  factory.DriverClass - Scrolled till bottom of the Page
16:16:15.816 [main] INFO  factory.DriverClass - Successfully clicked the What We Offer option
16:16:16.057 [main] INFO  factory.DriverClass - Scrolled till the Campus for Coursera
16:17:42.048 [main] INFO  factory.DriverClass - Successfully clicked the Learn More Link
16:17:42.736 [main] INFO  factory.DriverClass - Scrolled till the Sales Heading
16:17:43.184 [main] INFO  factory.DriverClass - Successfully entered the First Name
16:17:43.534 [main] INFO  factory.DriverClass - Successfully entered the Last Name
16:17:43.968 [main] INFO  factory.DriverClass - Successfully entered the Email Address
16:17:44.215 [main] INFO  factory.DriverClass - Successfully entered the Phone Number
16:17:44.754 [main] INFO  factory.DriverClass - Successfully selected the Institute Type
16:17:44.960 [main] INFO  factory.DriverClass - Successfully entered the Institute Name
16:17:45.391 [main] INFO  factory.DriverClass - Successfully selected the Job Role
16:17:45.623 [main] INFO  factory.DriverClass - Successfully selected the Department
16:17:46.132 [main] INFO  factory.DriverClass - Successfully selected the Describe
16:17:46.400 [main] INFO  factory.DriverClass - Successfully selected the Expected Learner
16:17:46.838 [main] INFO  factory.DriverClass - Successfully selected the Country
16:17:47.086 [main] INFO  factory.DriverClass - Successfully selected the State
16:17:47.408 [main] INFO  factory.DriverClass - Successfully Clicked the Submit button
16:17:47.507 [main] INFO  factory.DriverClass - Scrolled till the sales heading
16:18:19.375 [main] INFO  factory.DriverClass - ***** Url has been Successfully Closed *****
16:20:45.914 [main] INFO  factory.DriverClass - ***** Url has been Successfully Opened *****
16:20:46.715 [main] INFO  factory.DriverClass - Navigated to Coursera Home Page
16:20:52.528 [main] INFO  factory.DriverClass - Successfully entered Web Development course
16:21:26.604 [main] INFO  factory.DriverClass - Clicked the Search Button
16:21:27.099 [main] INFO  factory.DriverClass - Scrolled till the Subject checkbox
16:21:27.855 [main] INFO  factory.DriverClass - Successfully clicked the English Language
16:21:28.923 [main] INFO  factory.DriverClass - Scrolled till the Specific chechbox
16:21:29.396 [main] INFO  factory.DriverClass - Successfully clicked the Beginner level
16:21:29.707 [main] INFO  factory.DriverClass - Scrolled till the Filter Heading
16:21:31.739 [main] INFO  factory.DriverClass - Successfully verified and Clicked Course one
16:21:32.332 [main] INFO  factory.DriverClass - Navigated to the child page
16:22:36.327 [main] INFO  factory.DriverClass - Successfully verified Rating one
16:22:36.526 [main] INFO  factory.DriverClass - Successfully verified Duration One
16:22:36.725 [main] INFO  factory.DriverClass - Navigated to the parent page
16:22:37.922 [main] INFO  factory.DriverClass - Successfully verified the Second Course and Clicked it
16:22:38.768 [main] INFO  factory.DriverClass - Navigated to the child page
16:23:13.048 [main] INFO  factory.DriverClass - Scrolled till the Financial Heading
16:23:13.342 [main] INFO  factory.DriverClass - Successfully verified the Rating Two
16:23:13.584 [main] INFO  factory.DriverClass - Successfully verified the Duration Two
16:23:13.736 [main] INFO  factory.DriverClass - Navigated to the Parent page
16:23:15.414 [main] INFO  factory.DriverClass - ***** Url has been Successfully Closed *****
16:23:58.064 [main] INFO  factory.DriverClass - ***** Url has been Successfully Opened *****
16:23:58.613 [main] INFO  factory.DriverClass - ***** Test Case Two Started successfully *****
16:24:46.683 [main] INFO  factory.DriverClass - New Course Name has been entered in the SearchBox
16:24:47.060 [main] INFO  factory.DriverClass - Successfully clicked the Search Button
16:24:49.877 [main] INFO  factory.DriverClass - Scrolled till the Science checkbox
16:24:50.310 [main] INFO  factory.DriverClass - Successfully clicked the Show More option in Languages
16:24:51.515 [main] INFO  factory.DriverClass - UnCheched the English checkbox
16:24:55.601 [main] INFO  factory.DriverClass - Successfully verified and print all the Languages
16:24:55.828 [main] INFO  factory.DriverClass - Clicked the close button
16:24:56.417 [main] INFO  factory.DriverClass - Scrolled till University checkbox
16:24:57.834 [main] INFO  factory.DriverClass - Successfully verified and printed all Levels
16:24:59.554 [main] INFO  factory.DriverClass - ***** Url has been Successfully Closed *****
16:25:46.813 [main] INFO  factory.DriverClass - ***** Url has been Successfully Opened *****
16:25:47.361 [main] INFO  factory.DriverClass - ****** Test Case Three Started Successfully *****
16:25:47.479 [main] INFO  factory.DriverClass - Driver is the Coursera Home Page
16:25:47.964 [main] INFO  factory.DriverClass - Scrolled till the bottom of the page
16:26:31.427 [main] INFO  factory.DriverClass - Clicked the For Enterprise option
16:26:31.707 [main] INFO  factory.DriverClass - Scrolled till bottom of the Page
16:27:13.839 [main] INFO  factory.DriverClass - Successfully clicked the What We Offer option
16:27:14.065 [main] INFO  factory.DriverClass - Scrolled till the Campus for Coursera
16:27:49.049 [main] INFO  factory.DriverClass - Successfully clicked the Learn More Link
16:27:49.684 [main] INFO  factory.DriverClass - Scrolled till the Sales Heading
16:28:21.208 [main] INFO  factory.DriverClass - ***** Url has been Successfully Closed *****
16:29:30.776 [main] INFO  factory.DriverClass - ***** Url has been Successfully Closed *****
16:29:41.526 [main] INFO  factory.DriverClass - ***** Url has been Successfully Opened *****
16:29:41.736 [main] INFO  factory.DriverClass - ***** Test Case Two Started successfully *****
16:29:55.916 [main] INFO  factory.DriverClass - ***** Url has been Successfully Closed *****
16:30:05.873 [main] INFO  factory.DriverClass - ***** Url has been Successfully Closed *****
16:30:39.925 [main] INFO  factory.DriverClass - ***** Url has been Successfully Opened *****
16:30:41.190 [main] INFO  factory.DriverClass - Navigated to Coursera Home Page
16:30:43.925 [main] INFO  factory.DriverClass - Successfully entered Web Development course
16:30:50.881 [main] INFO  factory.DriverClass - Clicked the Search Button
16:30:51.334 [main] INFO  factory.DriverClass - Scrolled till the Subject checkbox
16:30:51.749 [main] INFO  factory.DriverClass - Successfully clicked the English Language
16:30:52.783 [main] INFO  factory.DriverClass - Scrolled till the Specific chechbox
16:30:53.411 [main] INFO  factory.DriverClass - Successfully clicked the Beginner level
16:30:53.657 [main] INFO  factory.DriverClass - Scrolled till the Filter Heading
16:30:55.431 [main] INFO  factory.DriverClass - Successfully verified and Clicked Course one
16:30:56.069 [main] INFO  factory.DriverClass - Navigated to the child page
16:31:04.180 [main] INFO  factory.DriverClass - Successfully verified Rating one
16:31:04.405 [main] INFO  factory.DriverClass - Successfully verified Duration One
16:31:04.492 [main] INFO  factory.DriverClass - Navigated to the parent page
16:31:05.364 [main] INFO  factory.DriverClass - Successfully verified the Second Course and Clicked it
16:31:06.405 [main] INFO  factory.DriverClass - Navigated to the child page
16:31:15.322 [main] INFO  factory.DriverClass - Scrolled till the Financial Heading
16:31:15.537 [main] INFO  factory.DriverClass - Successfully verified the Rating Two
16:31:15.863 [main] INFO  factory.DriverClass - Successfully verified the Duration Two
16:31:15.981 [main] INFO  factory.DriverClass - Navigated to the Parent page
16:31:17.631 [main] INFO  factory.DriverClass - ***** Url has been Successfully Closed *****
16:31:40.965 [main] INFO  factory.DriverClass - ***** Url has been Successfully Opened *****
16:31:41.498 [main] INFO  factory.DriverClass - ***** Test Case Two Started successfully *****
16:31:48.142 [main] INFO  factory.DriverClass - New Course Name has been entered in the SearchBox
16:31:48.382 [main] INFO  factory.DriverClass - Successfully clicked the Search Button
16:31:49.755 [main] INFO  factory.DriverClass - Scrolled till the Science checkbox
16:31:50.487 [main] INFO  factory.DriverClass - Successfully clicked the Show More option in Languages
16:31:51.658 [main] INFO  factory.DriverClass - UnCheched the English checkbox
16:31:54.999 [main] INFO  factory.DriverClass - Successfully verified and print all the Languages
16:31:55.185 [main] INFO  factory.DriverClass - Clicked the close button
16:31:55.780 [main] INFO  factory.DriverClass - Scrolled till University checkbox
16:31:57.064 [main] INFO  factory.DriverClass - Successfully verified and printed all Levels
16:31:58.828 [main] INFO  factory.DriverClass - ***** Url has been Successfully Closed *****
16:32:14.646 [main] INFO  factory.DriverClass - ***** Url has been Successfully Opened *****
16:32:15.279 [main] INFO  factory.DriverClass - ****** Test Case Three Started Successfully *****
16:32:15.397 [main] INFO  factory.DriverClass - Driver is the Coursera Home Page
16:32:17.409 [main] INFO  factory.DriverClass - Scrolled till the bottom of the page
16:32:25.075 [main] INFO  factory.DriverClass - Clicked the For Enterprise option
16:32:25.780 [main] INFO  factory.DriverClass - Scrolled till bottom of the Page
16:32:30.308 [main] INFO  factory.DriverClass - Successfully clicked the What We Offer option
16:32:30.515 [main] INFO  factory.DriverClass - Scrolled till the Campus for Coursera
16:32:35.296 [main] INFO  factory.DriverClass - Successfully clicked the Learn More Link
16:32:36.331 [main] INFO  factory.DriverClass - Scrolled till the Sales Heading
16:32:36.670 [main] INFO  factory.DriverClass - Successfully entered the First Name
16:32:36.894 [main] INFO  factory.DriverClass - Successfully entered the Last Name
16:32:37.398 [main] INFO  factory.DriverClass - Successfully entered the Email Address
16:32:37.646 [main] INFO  factory.DriverClass - Successfully entered the Phone Number
16:32:38.246 [main] INFO  factory.DriverClass - Successfully selected the Institute Type
16:32:38.506 [main] INFO  factory.DriverClass - Successfully entered the Institute Name
16:32:39.121 [main] INFO  factory.DriverClass - Successfully selected the Job Role
16:32:39.459 [main] INFO  factory.DriverClass - Successfully selected the Department
16:32:40.018 [main] INFO  factory.DriverClass - Successfully selected the Describe
16:32:40.342 [main] INFO  factory.DriverClass - Successfully selected the Expected Learner
16:32:40.976 [main] INFO  factory.DriverClass - Successfully selected the Country
16:32:41.401 [main] INFO  factory.DriverClass - Successfully selected the State
16:32:41.785 [main] INFO  factory.DriverClass - Successfully Clicked the Submit button
16:32:41.849 [main] INFO  factory.DriverClass - Scrolled till the sales heading
16:32:44.609 [main] INFO  factory.DriverClass - Successfully verified the Invalid Email message
16:32:44.609 [main] INFO  factory.DriverClass - ***** Test Case Three Finished Successfully *****
16:32:46.410 [main] INFO  factory.DriverClass - ***** Url has been Successfully Closed *****
10:54:54.750 [main] INFO  factory.DriverClass - ***** Url has been Successfully Opened *****
10:54:55.397 [main] INFO  factory.DriverClass - Navigated to Coursera Home Page
10:54:57.723 [main] INFO  factory.DriverClass - Successfully entered Web Development course
10:55:15.172 [main] INFO  factory.DriverClass - Clicked the Search Button
10:55:15.614 [main] INFO  factory.DriverClass - Scrolled till the Subject checkbox
10:55:15.990 [main] INFO  factory.DriverClass - Successfully clicked the English Language
10:55:16.737 [main] INFO  factory.DriverClass - Scrolled till the Specific chechbox
10:55:17.061 [main] INFO  factory.DriverClass - Successfully clicked the Beginner level
10:55:17.326 [main] INFO  factory.DriverClass - Scrolled till the Filter Heading
10:55:19.351 [main] INFO  factory.DriverClass - Successfully verified and Clicked Course one
10:55:19.917 [main] INFO  factory.DriverClass - Navigated to the child page
10:55:44.049 [main] INFO  factory.DriverClass - Successfully verified Rating one
10:55:44.205 [main] INFO  factory.DriverClass - Successfully verified Duration One
10:55:44.345 [main] INFO  factory.DriverClass - Navigated to the parent page
10:55:45.165 [main] INFO  factory.DriverClass - Successfully verified the Second Course and Clicked it
10:55:45.816 [main] INFO  factory.DriverClass - Navigated to the child page
10:56:11.627 [main] INFO  factory.DriverClass - Scrolled till the Financial Heading
10:56:11.807 [main] INFO  factory.DriverClass - Successfully verified the Rating Two
10:56:12.015 [main] INFO  factory.DriverClass - Successfully verified the Duration Two
10:56:12.109 [main] INFO  factory.DriverClass - Navigated to the Parent page
10:56:13.809 [main] INFO  factory.DriverClass - ***** Url has been Successfully Closed *****
10:56:27.135 [main] INFO  factory.DriverClass - ***** Url has been Successfully Opened *****
10:56:27.622 [main] INFO  factory.DriverClass - ***** Test Case Two Started successfully *****
10:56:49.265 [main] INFO  factory.DriverClass - New Course Name has been entered in the SearchBox
10:56:49.549 [main] INFO  factory.DriverClass - Successfully clicked the Search Button
10:56:51.228 [main] INFO  factory.DriverClass - Scrolled till the Science checkbox
10:56:51.724 [main] INFO  factory.DriverClass - Successfully clicked the Show More option in Languages
10:56:52.550 [main] INFO  factory.DriverClass - UnCheched the English checkbox
10:56:56.777 [main] INFO  factory.DriverClass - Successfully verified and print all the Languages
10:56:57.059 [main] INFO  factory.DriverClass - Clicked the close button
10:56:57.617 [main] INFO  factory.DriverClass - Scrolled till University checkbox
10:56:58.342 [main] INFO  factory.DriverClass - Successfully verified and printed all Levels
10:56:59.776 [main] INFO  factory.DriverClass - ***** Url has been Successfully Closed *****
10:57:13.927 [main] INFO  factory.DriverClass - ***** Url has been Successfully Opened *****
10:57:14.475 [main] INFO  factory.DriverClass - ****** Test Case Three Started Successfully *****
10:57:14.585 [main] INFO  factory.DriverClass - Driver is the Coursera Home Page
10:57:15.143 [main] INFO  factory.DriverClass - Scrolled till the bottom of the page
10:57:41.116 [main] INFO  factory.DriverClass - Clicked the For Enterprise option
10:57:41.764 [main] INFO  factory.DriverClass - Scrolled till bottom of the Page
10:58:06.217 [main] INFO  factory.DriverClass - Successfully clicked the What We Offer option
10:58:06.446 [main] INFO  factory.DriverClass - Scrolled till the Campus for Coursera
10:58:31.172 [main] INFO  factory.DriverClass - Successfully clicked the Learn More Link
10:58:32.022 [main] INFO  factory.DriverClass - Scrolled till the Sales Heading
10:58:32.478 [main] INFO  factory.DriverClass - Successfully entered the First Name
10:58:32.975 [main] INFO  factory.DriverClass - Successfully entered the Last Name
10:58:33.579 [main] INFO  factory.DriverClass - Successfully entered the Email Address
10:58:33.821 [main] INFO  factory.DriverClass - Successfully entered the Phone Number
10:58:34.394 [main] INFO  factory.DriverClass - Successfully selected the Institute Type
10:58:34.617 [main] INFO  factory.DriverClass - Successfully entered the Institute Name
10:58:35.152 [main] INFO  factory.DriverClass - Successfully selected the Job Role
10:58:35.418 [main] INFO  factory.DriverClass - Successfully selected the Department
10:58:35.903 [main] INFO  factory.DriverClass - Successfully selected the Describe
10:58:36.191 [main] INFO  factory.DriverClass - Successfully selected the Expected Learner
10:58:36.714 [main] INFO  factory.DriverClass - Successfully selected the Country
10:58:36.991 [main] INFO  factory.DriverClass - Successfully selected the State
10:58:37.291 [main] INFO  factory.DriverClass - Successfully Clicked the Submit button
10:58:37.333 [main] INFO  factory.DriverClass - Scrolled till the sales heading
10:58:40.887 [main] INFO  factory.DriverClass - Successfully verified the Invalid Email message
10:58:40.887 [main] INFO  factory.DriverClass - ***** Test Case Three Finished Successfully *****
10:58:42.311 [main] INFO  factory.DriverClass - ***** Url has been Successfully Closed *****
11:06:44.228 [main] INFO  testCases.TC_001 - **** Starting TC_001_WebDevelopmentTest ****
11:06:47.193 [main] INFO  testCases.TC_001 - Course Name Sent Successfully
11:07:08.103 [main] INFO  testCases.TC_001 - Clicked on Search Button
11:07:08.731 [main] INFO  testCases.TC_001 - Scrolled Till Subject
11:07:09.470 [main] INFO  testCases.TC_001 - Clicked English Language
11:07:11.859 [main] INFO  testCases.TC_001 - Scrolled Till Specific
11:07:12.727 [main] INFO  testCases.TC_001 - Clicked Begginer CheckBox
11:07:12.986 [main] INFO  testCases.TC_001 - Scrolled Till Filter
11:07:14.589 [main] INFO  testCases.TC_001 - Course One is Clicked and Successfully Printed
11:07:15.341 [main] INFO  testCases.TC_001 - Switched To First Course Name
11:07:38.746 [main] INFO  testCases.TC_001 - Successfully Printed Rating of Course One
11:07:38.913 [main] INFO  testCases.TC_001 - Successfully Printed Duration of Course One
11:07:39.019 [main] INFO  testCases.TC_001 - Switched To Parent Page
11:07:40.087 [main] INFO  testCases.TC_001 - Course One is Clicked and Successfully Printed
11:07:41.089 [main] INFO  testCases.TC_001 - Switched To The Second Course Page
11:08:07.535 [main] INFO  testCases.TC_001 - Scrolled till Financial
11:08:07.775 [main] INFO  testCases.TC_001 - Successfully Printed Rating of Course Two
11:08:07.982 [main] INFO  testCases.TC_001 - Successfully Printed Duration of Course Two
11:08:08.111 [main] INFO  testCases.TC_001 - Switched To The Parent Page
11:08:08.111 [main] INFO  testCases.TC_001 - **** Finishing TC_001_WebDevelopmentTest ****
11:08:08.551 [main] INFO  testCases.TC_001 - **** Starting TC_002_LanguageLearningTest ****
11:08:09.939 [main] INFO  testCases.TC_001 - Successfully Cleared The Course Name And Entered New Course
11:08:10.280 [main] INFO  testCases.TC_001 - Clicked Search Button
11:08:10.666 [main] INFO  testCases.TC_001 - Scrolled Till Science
11:08:11.668 [main] INFO  testCases.TC_001 - Clicked Show More in Language CheckBox
11:08:12.751 [main] INFO  testCases.TC_001 - Unclicking The English Language
11:08:15.963 [main] INFO  testCases.TC_001 - Successfully Printing Total
11:08:16.156 [main] INFO  testCases.TC_001 - Clicked Close Button in All Language Box
11:08:16.537 [main] INFO  testCases.TC_001 - Scrolled Till University CheckBox
11:08:17.494 [main] INFO  testCases.TC_001 - Successfully Printed All The Levels
11:08:17.494 [main] INFO  testCases.TC_001 - **** Finished TC_002_LanguageLearningTest ****
11:08:17.797 [main] INFO  testCases.TC_001 - **** Starting TC_003_ForEnterpriseTest ****
11:08:44.114 [main] INFO  testCases.TC_001 - Clicking the Title Icon To naviage Back
