11:28:43.802 [main] INFO  testCases.TC_001_WebDevelopmentTest - **** Starting TC_001_WebDevelopmentTest ****
11:28:44.137 [main] INFO  testCases.TC_001_WebDevelopmentTest - **** Starting TC_002_LanguageLearningTest ****
11:28:44.251 [main] INFO  testCases.TC_001_WebDevelopmentTest - **** Starting TC_003_ForEnterpriseTest ****
11:32:15.760 [main] INFO  testCases.TC_001_WebDevelopmentTest - **** Starting TC_001_WebDevelopmentTest ****
11:32:18.232 [main] INFO  testCases.TC_001_WebDevelopmentTest - Course Name Sent Successfully
11:33:00.446 [main] INFO  testCases.TC_001_WebDevelopmentTest - Clicked on Search Button
11:33:01.108 [main] INFO  testCases.TC_001_WebDevelopmentTest - Scrolled Till Subject
11:33:02.342 [main] INFO  testCases.TC_001_WebDevelopmentTest - Clicked English Language
11:33:02.876 [main] INFO  testCases.TC_001_WebDevelopmentTest - Scrolled Till Specific
11:33:04.398 [main] INFO  testCases.TC_001_WebDevelopmentTest - Clicked Begginer CheckBox
11:33:04.893 [main] INFO  testCases.TC_001_WebDevelopmentTest - Scrolled Till Filter
11:33:06.831 [main] INFO  testCases.TC_001_WebDevelopmentTest - Course One is Clicked and Successfully Printed
11:33:07.875 [main] INFO  testCases.TC_001_WebDevelopmentTest - Switched To First Course Name
11:33:47.719 [main] INFO  testCases.TC_001_WebDevelopmentTest - Successfully Printed Rating of Course One
11:33:47.906 [main] INFO  testCases.TC_001_WebDevelopmentTest - Successfully Printed Duration of Course One
11:33:48.162 [main] INFO  testCases.TC_001_WebDevelopmentTest - Switched To Parent Page
11:33:49.366 [main] INFO  testCases.TC_001_WebDevelopmentTest - Course One is Clicked and Successfully Printed
11:33:51.109 [main] INFO  testCases.TC_001_WebDevelopmentTest - Switched To The Second Course Page
11:34:31.800 [main] INFO  testCases.TC_001_WebDevelopmentTest - Scrolled till Financial
11:34:32.090 [main] INFO  testCases.TC_001_WebDevelopmentTest - Successfully Printed Rating of Course Two
11:34:33.058 [main] INFO  testCases.TC_001_WebDevelopmentTest - Successfully Printed Duration of Course Two
11:34:33.285 [main] INFO  testCases.TC_001_WebDevelopmentTest - Switched To The Parent Page
11:34:33.286 [main] INFO  testCases.TC_001_WebDevelopmentTest - **** Finishing TC_001_WebDevelopmentTest ****
11:34:33.876 [main] INFO  testCases.TC_001_WebDevelopmentTest - **** Starting TC_002_LanguageLearningTest ****
11:34:35.665 [main] INFO  testCases.TC_001_WebDevelopmentTest - Successfully Cleared The Course Name And Entered New Course
11:34:36.058 [main] INFO  testCases.TC_001_WebDevelopmentTest - Clicked Search Button
11:34:36.545 [main] INFO  testCases.TC_001_WebDevelopmentTest - Scrolled Till Science
11:34:36.906 [main] INFO  testCases.TC_001_WebDevelopmentTest - Clicked Show More in Language CheckBox
11:34:38.980 [main] INFO  testCases.TC_001_WebDevelopmentTest - Unclicking The English Language
11:34:45.127 [main] INFO  testCases.TC_001_WebDevelopmentTest - Successfully Printing Total
11:34:45.353 [main] INFO  testCases.TC_001_WebDevelopmentTest - Clicked Close Button in All Language Box
11:34:45.869 [main] INFO  testCases.TC_001_WebDevelopmentTest - Scrolled Till University CheckBox
11:34:47.728 [main] INFO  testCases.TC_001_WebDevelopmentTest - Successfully Printed All The Levels
11:34:47.729 [main] INFO  testCases.TC_001_WebDevelopmentTest - **** Finished TC_002_LanguageLearningTest ****
11:34:48.121 [main] INFO  testCases.TC_001_WebDevelopmentTest - **** Starting TC_003_ForEnterpriseTest ****
11:35:29.842 [main] INFO  testCases.TC_001_WebDevelopmentTest - Clicking the Title Icon To naviage Back
11:35:30.408 [main] INFO  testCases.TC_001_WebDevelopmentTest - Scrolling Till the Bottom of the Page
11:36:13.429 [main] INFO  testCases.TC_001_WebDevelopmentTest - Clicking the ForEnterPrise Link
11:36:14.303 [main] INFO  testCases.TC_001_WebDevelopmentTest - Scrolling Till More in the Bottom
11:36:54.041 [main] INFO  testCases.TC_001_WebDevelopmentTest - Clicked What We Offer Link
11:36:54.360 [main] INFO  testCases.TC_001_WebDevelopmentTest - Scrolled Till the Coursera for Campus
11:37:12.867 [main] INFO  testCases.TC_001_WebDevelopmentTest - Clicked Learn More Link
11:37:13.722 [main] INFO  testCases.TC_001_WebDevelopmentTest - Scrolling Till the Haeding beside The Input Box
11:37:14.432 [main] INFO  testCases.TC_001_WebDevelopmentTest - FirstName is Entered Successfully
11:37:14.757 [main] INFO  testCases.TC_001_WebDevelopmentTest - LastName is Entered Successfully
11:37:15.259 [main] INFO  testCases.TC_001_WebDevelopmentTest - Email is Entered Successfully
11:37:15.769 [main] INFO  testCases.TC_001_WebDevelopmentTest - Phone Number is Entered Successfully
11:37:16.442 [main] INFO  testCases.TC_001_WebDevelopmentTest - Institute Type is Selected Successfully
11:37:16.724 [main] INFO  testCases.TC_001_WebDevelopmentTest - Institute Name is Entered Successfully
11:37:17.410 [main] INFO  testCases.TC_001_WebDevelopmentTest - Job Role is Selected Successfully
11:37:18.126 [main] INFO  testCases.TC_001_WebDevelopmentTest - Department is Selected Successfully
11:37:18.533 [main] INFO  testCases.TC_001_WebDevelopmentTest - Describe is Selected Successfully
11:37:19.054 [main] INFO  testCases.TC_001_WebDevelopmentTest - Expected Learner is Selected Successfully
11:37:20.017 [main] INFO  testCases.TC_001_WebDevelopmentTest - Country is Selected Successfully
11:37:20.389 [main] INFO  testCases.TC_001_WebDevelopmentTest - State is Selected Successfully
11:37:22.765 [main] INFO  testCases.TC_001_WebDevelopmentTest - Scrolled Till The Heading Beside of Input Boxes
15:17:57.757 [main] INFO  testCases.TC_001_WebDevelopmentTest - **** Starting TC_001_WebDevelopmentTest ****
15:18:25.641 [main] INFO  testCases.TC_001_WebDevelopmentTest - Course Name Sent Successfully
15:18:33.513 [main] INFO  testCases.TC_001_WebDevelopmentTest - Clicked on Search Button
15:18:34.088 [main] INFO  testCases.TC_001_WebDevelopmentTest - Scrolled Till Subject
15:18:34.694 [main] INFO  testCases.TC_001_WebDevelopmentTest - Clicked English Language
15:18:36.288 [main] INFO  testCases.TC_001_WebDevelopmentTest - Scrolled Till Specific
15:18:37.136 [main] INFO  testCases.TC_001_WebDevelopmentTest - Clicked Begginer CheckBox
15:18:37.506 [main] INFO  testCases.TC_001_WebDevelopmentTest - Scrolled Till Filter
15:18:40.195 [main] INFO  testCases.TC_001_WebDevelopmentTest - Course One is Clicked and Successfully Printed
15:18:41.033 [main] INFO  testCases.TC_001_WebDevelopmentTest - Switched To First Course Name
15:18:51.357 [main] INFO  testCases.TC_001_WebDevelopmentTest - Successfully Printed Rating of Course One
15:18:51.730 [main] INFO  testCases.TC_001_WebDevelopmentTest - Successfully Printed Duration of Course One
15:18:51.884 [main] INFO  testCases.TC_001_WebDevelopmentTest - Switched To Parent Page
15:18:53.307 [main] INFO  testCases.TC_001_WebDevelopmentTest - Course One is Clicked and Successfully Printed
15:18:54.105 [main] INFO  testCases.TC_001_WebDevelopmentTest - Switched To The Second Course Page
15:18:59.316 [main] INFO  testCases.TC_001_WebDevelopmentTest - Scrolled till Financial
15:18:59.493 [main] INFO  testCases.TC_001_WebDevelopmentTest - Successfully Printed Rating of Course Two
15:18:59.839 [main] INFO  testCases.TC_001_WebDevelopmentTest - Successfully Printed Duration of Course Two
15:18:59.988 [main] INFO  testCases.TC_001_WebDevelopmentTest - Switched To The Parent Page
15:18:59.989 [main] INFO  testCases.TC_001_WebDevelopmentTest - **** Finishing TC_001_WebDevelopmentTest ****
15:19:00.552 [main] INFO  testCases.TC_001_WebDevelopmentTest - **** Starting TC_002_LanguageLearningTest ****
15:19:01.948 [main] INFO  testCases.TC_001_WebDevelopmentTest - Successfully Cleared The Course Name And Entered New Course
15:19:02.543 [main] INFO  testCases.TC_001_WebDevelopmentTest - Clicked Search Button
15:19:03.997 [main] INFO  testCases.TC_001_WebDevelopmentTest - Scrolled Till Science
15:19:05.014 [main] INFO  testCases.TC_001_WebDevelopmentTest - Clicked Show More in Language CheckBox
15:19:06.069 [main] INFO  testCases.TC_001_WebDevelopmentTest - Unclicking The English Language
15:19:09.819 [main] INFO  testCases.TC_001_WebDevelopmentTest - Successfully Printing Total
15:19:10.022 [main] INFO  testCases.TC_001_WebDevelopmentTest - Clicked Close Button in All Language Box
15:19:10.625 [main] INFO  testCases.TC_001_WebDevelopmentTest - Scrolled Till University CheckBox
15:19:11.446 [main] INFO  testCases.TC_001_WebDevelopmentTest - Successfully Printed All The Levels
15:19:11.446 [main] INFO  testCases.TC_001_WebDevelopmentTest - **** Finished TC_002_LanguageLearningTest ****
15:19:11.824 [main] INFO  testCases.TC_001_WebDevelopmentTest - **** Starting TC_003_ForEnterpriseTest ****
15:19:17.077 [main] INFO  testCases.TC_001_WebDevelopmentTest - Clicking the Title Icon To naviage Back
15:19:18.260 [main] INFO  testCases.TC_001_WebDevelopmentTest - Scrolling Till the Bottom of the Page
15:19:29.973 [main] INFO  testCases.TC_001_WebDevelopmentTest - Clicking the ForEnterPrise Link
15:19:31.124 [main] INFO  testCases.TC_001_WebDevelopmentTest - Scrolling Till More in the Bottom
15:19:35.743 [main] INFO  testCases.TC_001_WebDevelopmentTest - Clicked What We Offer Link
15:19:36.142 [main] INFO  testCases.TC_001_WebDevelopmentTest - Scrolled Till the Coursera for Campus
15:19:44.312 [main] INFO  testCases.TC_001_WebDevelopmentTest - Clicked Learn More Link
15:19:46.739 [main] INFO  testCases.TC_001_WebDevelopmentTest - Scrolling Till the Haeding beside The Input Box
15:19:47.427 [main] INFO  testCases.TC_001_WebDevelopmentTest - FirstName is Entered Successfully
15:19:48.010 [main] INFO  testCases.TC_001_WebDevelopmentTest - LastName is Entered Successfully
15:19:48.674 [main] INFO  testCases.TC_001_WebDevelopmentTest - Email is Entered Successfully
15:19:49.369 [main] INFO  testCases.TC_001_WebDevelopmentTest - Phone Number is Entered Successfully
15:19:50.133 [main] INFO  testCases.TC_001_WebDevelopmentTest - Institute Type is Selected Successfully
15:19:50.408 [main] INFO  testCases.TC_001_WebDevelopmentTest - Institute Name is Entered Successfully
15:19:51.114 [main] INFO  testCases.TC_001_WebDevelopmentTest - Job Role is Selected Successfully
15:19:52.038 [main] INFO  testCases.TC_001_WebDevelopmentTest - Department is Selected Successfully
15:19:52.418 [main] INFO  testCases.TC_001_WebDevelopmentTest - Describe is Selected Successfully
15:19:52.801 [main] INFO  testCases.TC_001_WebDevelopmentTest - Expected Learner is Selected Successfully
15:19:53.928 [main] INFO  testCases.TC_001_WebDevelopmentTest - Country is Selected Successfully
15:19:54.332 [main] INFO  testCases.TC_001_WebDevelopmentTest - State is Selected Successfully
15:19:54.827 [main] INFO  testCases.TC_001_WebDevelopmentTest - Submit Button is Clicked Successfully
15:19:55.230 [main] INFO  testCases.TC_001_WebDevelopmentTest - Scrolled Till The Heading Beside of Input Boxes
15:19:58.572 [main] INFO  testCases.TC_001_WebDevelopmentTest - Successfully Printed Message of Invalid Email Address
15:19:58.572 [main] INFO  testCases.TC_001_WebDevelopmentTest - **** Finishing TC_003_ForEnterpriseTest ****
16:13:05.706 [main] INFO  testCases.TC_001_WebDevelopmentTest - **** Starting TC_001_WebDevelopmentTest ****
16:13:10.294 [main] INFO  testCases.TC_001_WebDevelopmentTest - Course Name Sent Successfully
16:13:54.366 [main] INFO  testCases.TC_001_WebDevelopmentTest - Clicked on Search Button
16:13:56.295 [main] INFO  testCases.TC_001_WebDevelopmentTest - Scrolled Till Subject
16:13:57.355 [main] INFO  testCases.TC_001_WebDevelopmentTest - Clicked English Language
16:13:58.292 [main] INFO  testCases.TC_001_WebDevelopmentTest - Scrolled Till Specific
16:13:59.019 [main] INFO  testCases.TC_001_WebDevelopmentTest - Clicked Begginer CheckBox
16:14:00.727 [main] INFO  testCases.TC_001_WebDevelopmentTest - Scrolled Till Filter
16:14:02.459 [main] INFO  testCases.TC_001_WebDevelopmentTest - Course One is Clicked and Successfully Printed
16:14:04.567 [main] INFO  testCases.TC_001_WebDevelopmentTest - Switched To First Course Name
16:14:46.245 [main] INFO  testCases.TC_001_WebDevelopmentTest - Successfully Printed Rating of Course One
16:14:47.060 [main] INFO  testCases.TC_001_WebDevelopmentTest - Successfully Printed Duration of Course One
16:14:47.958 [main] INFO  testCases.TC_001_WebDevelopmentTest - Switched To Parent Page
16:14:49.372 [main] INFO  testCases.TC_001_WebDevelopmentTest - Course One is Clicked and Successfully Printed
16:14:52.959 [main] INFO  testCases.TC_001_WebDevelopmentTest - Switched To The Second Course Page
16:15:14.696 [main] INFO  testCases.TC_001_WebDevelopmentTest - Scrolled till Financial
16:15:15.237 [main] INFO  testCases.TC_001_WebDevelopmentTest - Successfully Printed Rating of Course Two
16:15:16.707 [main] INFO  testCases.TC_001_WebDevelopmentTest - Successfully Printed Duration of Course Two
16:15:16.941 [main] INFO  testCases.TC_001_WebDevelopmentTest - Switched To The Parent Page
16:15:16.941 [main] INFO  testCases.TC_001_WebDevelopmentTest - **** Finishing TC_001_WebDevelopmentTest ****
16:15:17.690 [main] INFO  testCases.TC_001_WebDevelopmentTest - **** Starting TC_002_LanguageLearningTest ****
16:15:20.316 [main] INFO  testCases.TC_001_WebDevelopmentTest - Successfully Cleared The Course Name And Entered New Course
16:15:21.042 [main] INFO  testCases.TC_001_WebDevelopmentTest - Clicked Search Button
16:15:22.584 [main] INFO  testCases.TC_001_WebDevelopmentTest - Scrolled Till Science
16:15:23.845 [main] INFO  testCases.TC_001_WebDevelopmentTest - Clicked Show More in Language CheckBox
16:15:25.472 [main] INFO  testCases.TC_001_WebDevelopmentTest - Unclicking The English Language
16:15:32.250 [main] INFO  testCases.TC_001_WebDevelopmentTest - Successfully Printing Total
16:15:32.748 [main] INFO  testCases.TC_001_WebDevelopmentTest - Clicked Close Button in All Language Box
16:15:33.555 [main] INFO  testCases.TC_001_WebDevelopmentTest - Scrolled Till University CheckBox
16:15:34.799 [main] INFO  testCases.TC_001_WebDevelopmentTest - Successfully Printed All The Levels
16:15:34.799 [main] INFO  testCases.TC_001_WebDevelopmentTest - **** Finished TC_002_LanguageLearningTest ****
16:15:35.303 [main] INFO  testCases.TC_001_WebDevelopmentTest - **** Starting TC_003_ForEnterpriseTest ****
16:16:19.187 [main] INFO  testCases.TC_001_WebDevelopmentTest - Clicking the Title Icon To naviage Back
16:16:20.145 [main] INFO  testCases.TC_001_WebDevelopmentTest - Scrolling Till the Bottom of the Page
16:17:07.244 [main] INFO  testCases.TC_001_WebDevelopmentTest - Clicking the ForEnterPrise Link
16:17:09.079 [main] INFO  testCases.TC_001_WebDevelopmentTest - Scrolling Till More in the Bottom
16:17:50.538 [main] INFO  testCases.TC_001_WebDevelopmentTest - Clicked What We Offer Link
16:17:51.276 [main] INFO  testCases.TC_001_WebDevelopmentTest - Scrolled Till the Coursera for Campus
16:18:39.160 [main] INFO  testCases.TC_001_WebDevelopmentTest - Clicked Learn More Link
16:18:43.341 [main] INFO  testCases.TC_001_WebDevelopmentTest - Scrolling Till the Haeding beside The Input Box
16:18:45.261 [main] INFO  testCases.TC_001_WebDevelopmentTest - FirstName is Entered Successfully
16:18:46.956 [main] INFO  testCases.TC_001_WebDevelopmentTest - LastName is Entered Successfully
16:18:48.227 [main] INFO  testCases.TC_001_WebDevelopmentTest - Email is Entered Successfully
16:18:49.579 [main] INFO  testCases.TC_001_WebDevelopmentTest - Phone Number is Entered Successfully
16:18:50.983 [main] INFO  testCases.TC_001_WebDevelopmentTest - Institute Type is Selected Successfully
16:18:51.812 [main] INFO  testCases.TC_001_WebDevelopmentTest - Institute Name is Entered Successfully
16:18:52.765 [main] INFO  testCases.TC_001_WebDevelopmentTest - Job Role is Selected Successfully
16:18:54.024 [main] INFO  testCases.TC_001_WebDevelopmentTest - Department is Selected Successfully
16:18:54.753 [main] INFO  testCases.TC_001_WebDevelopmentTest - Describe is Selected Successfully
16:18:55.383 [main] INFO  testCases.TC_001_WebDevelopmentTest - Expected Learner is Selected Successfully
16:18:56.283 [main] INFO  testCases.TC_001_WebDevelopmentTest - Country is Selected Successfully
16:18:56.734 [main] INFO  testCases.TC_001_WebDevelopmentTest - State is Selected Successfully
16:18:57.371 [main] INFO  testCases.TC_001_WebDevelopmentTest - Submit Button is Clicked Successfully
16:18:57.896 [main] INFO  testCases.TC_001_WebDevelopmentTest - Scrolled Till The Heading Beside of Input Boxes
16:19:01.492 [main] INFO  testCases.TC_001_WebDevelopmentTest - Successfully Printed Message of Invalid Email Address
16:19:01.492 [main] INFO  testCases.TC_001_WebDevelopmentTest - **** Finishing TC_003_ForEnterpriseTest ****
16:25:42.061 [main] INFO  testCases.TC_001_WebDevelopmentTest - **** Starting TC_001_WebDevelopmentTest ****
16:25:45.502 [main] INFO  testCases.TC_001_WebDevelopmentTest - Course Name Sent Successfully
16:26:26.581 [main] INFO  testCases.TC_001_WebDevelopmentTest - Clicked on Search Button
16:26:27.961 [main] INFO  testCases.TC_001_WebDevelopmentTest - Scrolled Till Subject
16:26:28.575 [main] INFO  testCases.TC_001_WebDevelopmentTest - Clicked English Language
16:26:29.166 [main] INFO  testCases.TC_001_WebDevelopmentTest - Scrolled Till Specific
16:26:29.958 [main] INFO  testCases.TC_001_WebDevelopmentTest - Clicked Begginer CheckBox
16:26:30.464 [main] INFO  testCases.TC_001_WebDevelopmentTest - Scrolled Till Filter
16:26:32.568 [main] INFO  testCases.TC_001_WebDevelopmentTest - Switched To First Course Name
16:27:45.780 [main] INFO  testCases.TC_001_WebDevelopmentTest - Switched To The Second Course Page
16:27:45.838 [main] INFO  testCases.TC_001_WebDevelopmentTest - Scrolled till Financial
16:27:46.676 [main] INFO  testCases.TC_001_WebDevelopmentTest - **** Starting TC_002_LanguageLearningTest ****
16:28:28.498 [main] INFO  testCases.TC_001_WebDevelopmentTest - Successfully Cleared The Course Name And Entered New Course
16:28:29.135 [main] INFO  testCases.TC_001_WebDevelopmentTest - Clicked Search Button
16:28:30.606 [main] INFO  testCases.TC_001_WebDevelopmentTest - Scrolled Till Science
16:28:31.159 [main] INFO  testCases.TC_001_WebDevelopmentTest - Clicked Show More in Language CheckBox
16:28:32.268 [main] INFO  testCases.TC_001_WebDevelopmentTest - Unclicking The English Language
16:28:32.858 [main] INFO  testCases.TC_001_WebDevelopmentTest - Scrolled Till University CheckBox
16:28:33.290 [main] INFO  testCases.TC_001_WebDevelopmentTest - **** Starting TC_003_ForEnterpriseTest ****
16:28:36.088 [main] INFO  testCases.TC_001_WebDevelopmentTest - Scrolling Till the Bottom of the Page
16:29:18.101 [main] INFO  testCases.TC_001_WebDevelopmentTest - Clicking the ForEnterPrise Link
16:29:19.249 [main] INFO  testCases.TC_001_WebDevelopmentTest - Scrolling Till More in the Bottom
16:29:58.880 [main] INFO  testCases.TC_001_WebDevelopmentTest - Clicked What We Offer Link
16:29:59.414 [main] INFO  testCases.TC_001_WebDevelopmentTest - Scrolled Till the Coursera for Campus
16:30:40.391 [main] INFO  testCases.TC_001_WebDevelopmentTest - Clicked Learn More Link
16:30:42.362 [main] INFO  testCases.TC_001_WebDevelopmentTest - Scrolling Till the Haeding beside The Input Box
16:30:42.814 [main] INFO  testCases.TC_001_WebDevelopmentTest - FirstName is Entered Successfully
16:30:43.129 [main] INFO  testCases.TC_001_WebDevelopmentTest - LastName is Entered Successfully
16:30:43.872 [main] INFO  testCases.TC_001_WebDevelopmentTest - Email is Entered Successfully
16:30:44.559 [main] INFO  testCases.TC_001_WebDevelopmentTest - Phone Number is Entered Successfully
16:30:45.218 [main] INFO  testCases.TC_001_WebDevelopmentTest - Institute Type is Selected Successfully
16:30:45.537 [main] INFO  testCases.TC_001_WebDevelopmentTest - Institute Name is Entered Successfully
16:30:46.313 [main] INFO  testCases.TC_001_WebDevelopmentTest - Job Role is Selected Successfully
16:30:47.267 [main] INFO  testCases.TC_001_WebDevelopmentTest - Department is Selected Successfully
16:30:47.750 [main] INFO  testCases.TC_001_WebDevelopmentTest - Describe is Selected Successfully
16:30:48.219 [main] INFO  testCases.TC_001_WebDevelopmentTest - Expected Learner is Selected Successfully
16:30:49.007 [main] INFO  testCases.TC_001_WebDevelopmentTest - Country is Selected Successfully
16:30:49.359 [main] INFO  testCases.TC_001_WebDevelopmentTest - State is Selected Successfully
16:30:49.789 [main] INFO  testCases.TC_001_WebDevelopmentTest - Submit Button is Clicked Successfully
16:30:50.261 [main] INFO  testCases.TC_001_WebDevelopmentTest - Scrolled Till The Heading Beside of Input Boxes
16:30:52.204 [main] INFO  testCases.TC_001_WebDevelopmentTest - Successfully Printed Message of Invalid Email Address
16:30:52.204 [main] INFO  testCases.TC_001_WebDevelopmentTest - **** Finishing TC_003_ForEnterpriseTest ****
16:42:21.219 [main] INFO  testCases.TC_001_WebDevelopmentTest - **** Starting TC_001_WebDevelopmentTest ****
16:42:24.948 [main] INFO  testCases.TC_001_WebDevelopmentTest - Course Name Sent Successfully
16:42:33.248 [main] INFO  testCases.TC_001_WebDevelopmentTest - **** Starting TC_001_WebDevelopmentTest ****
16:42:37.182 [main] INFO  testCases.TC_001_WebDevelopmentTest - Course Name Sent Successfully
16:43:08.309 [main] INFO  testCases.TC_001_WebDevelopmentTest - Clicked on Search Button
16:43:10.162 [main] INFO  testCases.TC_001_WebDevelopmentTest - Scrolled Till Subject
16:43:11.074 [main] INFO  testCases.TC_001_WebDevelopmentTest - Clicked English Language
16:43:12.226 [main] INFO  testCases.TC_001_WebDevelopmentTest - Scrolled Till Specific
16:43:13.402 [main] INFO  testCases.TC_001_WebDevelopmentTest - Clicked Begginer CheckBox
16:43:14.838 [main] INFO  testCases.TC_001_WebDevelopmentTest - Scrolled Till Filter
16:43:16.512 [main] INFO  testCases.TC_001_WebDevelopmentTest - Course One is Clicked and Successfully Printed
16:43:17.884 [main] INFO  testCases.TC_001_WebDevelopmentTest - Switched To First Course Name
16:43:20.647 [main] INFO  testCases.TC_001_WebDevelopmentTest - Clicked on Search Button
16:43:22.622 [main] INFO  testCases.TC_001_WebDevelopmentTest - Scrolled Till Subject
16:43:23.617 [main] INFO  testCases.TC_001_WebDevelopmentTest - Clicked English Language
16:43:24.271 [main] INFO  testCases.TC_001_WebDevelopmentTest - Scrolled Till Specific
16:43:24.840 [main] INFO  testCases.TC_001_WebDevelopmentTest - Clicked Begginer CheckBox
16:43:25.503 [main] INFO  testCases.TC_001_WebDevelopmentTest - Scrolled Till Filter
16:43:27.718 [main] INFO  testCases.TC_001_WebDevelopmentTest - Course One is Clicked and Successfully Printed
16:43:28.599 [main] INFO  testCases.TC_001_WebDevelopmentTest - Switched To First Course Name
16:43:59.186 [main] INFO  testCases.TC_001_WebDevelopmentTest - Successfully Printed Rating of Course One
16:43:59.768 [main] INFO  testCases.TC_001_WebDevelopmentTest - Successfully Printed Duration of Course One
16:44:00.690 [main] INFO  testCases.TC_001_WebDevelopmentTest - Switched To Parent Page
16:44:01.734 [main] INFO  testCases.TC_001_WebDevelopmentTest - Course One is Clicked and Successfully Printed
16:44:02.628 [main] INFO  testCases.TC_001_WebDevelopmentTest - Switched To The Second Course Page
16:44:09.270 [main] INFO  testCases.TC_001_WebDevelopmentTest - Successfully Printed Rating of Course One
16:44:10.027 [main] INFO  testCases.TC_001_WebDevelopmentTest - Successfully Printed Duration of Course One
16:44:10.281 [main] INFO  testCases.TC_001_WebDevelopmentTest - Switched To Parent Page
16:44:11.723 [main] INFO  testCases.TC_001_WebDevelopmentTest - Course One is Clicked and Successfully Printed
16:44:12.852 [main] INFO  testCases.TC_001_WebDevelopmentTest - Switched To The Second Course Page
16:44:44.536 [main] INFO  testCases.TC_001_WebDevelopmentTest - Scrolled till Financial
16:44:44.871 [main] INFO  testCases.TC_001_WebDevelopmentTest - Successfully Printed Rating of Course Two
16:44:45.172 [main] INFO  testCases.TC_001_WebDevelopmentTest - Successfully Printed Duration of Course Two
16:44:45.423 [main] INFO  testCases.TC_001_WebDevelopmentTest - Switched To The Parent Page
16:44:45.423 [main] INFO  testCases.TC_001_WebDevelopmentTest - **** Finishing TC_001_WebDevelopmentTest ****
16:44:46.104 [main] INFO  testCases.TC_001_WebDevelopmentTest - **** Starting TC_002_LanguageLearningTest ****
16:44:48.389 [main] INFO  testCases.TC_001_WebDevelopmentTest - Successfully Cleared The Course Name And Entered New Course
16:44:49.037 [main] INFO  testCases.TC_001_WebDevelopmentTest - Clicked Search Button
16:44:49.910 [main] INFO  testCases.TC_001_WebDevelopmentTest - Scrolled Till Science
16:44:50.500 [main] INFO  testCases.TC_001_WebDevelopmentTest - Clicked Show More in Language CheckBox
16:44:51.863 [main] INFO  testCases.TC_001_WebDevelopmentTest - Unclicking The English Language
16:44:53.847 [main] INFO  testCases.TC_001_WebDevelopmentTest - **** Starting TC_002_LanguageLearningTest ****
16:45:01.062 [main] INFO  testCases.TC_001_WebDevelopmentTest - Successfully Printing Total
16:45:01.328 [main] INFO  testCases.TC_001_WebDevelopmentTest - Clicked Close Button in All Language Box
16:45:02.036 [main] INFO  testCases.TC_001_WebDevelopmentTest - Successfully Cleared The Course Name And Entered New Course
16:45:02.206 [main] INFO  testCases.TC_001_WebDevelopmentTest - Scrolled Till University CheckBox
16:45:02.901 [main] INFO  testCases.TC_001_WebDevelopmentTest - Clicked Search Button
16:45:03.603 [main] INFO  testCases.TC_001_WebDevelopmentTest - Successfully Printed All The Levels
16:45:03.603 [main] INFO  testCases.TC_001_WebDevelopmentTest - **** Finished TC_002_LanguageLearningTest ****
16:45:04.143 [main] INFO  testCases.TC_001_WebDevelopmentTest - **** Starting TC_003_ForEnterpriseTest ****
16:45:04.634 [main] INFO  testCases.TC_001_WebDevelopmentTest - Scrolled Till Science
16:45:05.034 [main] INFO  testCases.TC_001_WebDevelopmentTest - Clicked Show More in Language CheckBox
16:45:06.264 [main] INFO  testCases.TC_001_WebDevelopmentTest - Unclicking The English Language
16:45:11.526 [main] INFO  testCases.TC_001_WebDevelopmentTest - Successfully Printing Total
16:45:11.774 [main] INFO  testCases.TC_001_WebDevelopmentTest - Clicked Close Button in All Language Box
16:45:12.372 [main] INFO  testCases.TC_001_WebDevelopmentTest - Scrolled Till University CheckBox
16:45:13.168 [main] INFO  testCases.TC_001_WebDevelopmentTest - Successfully Printed All The Levels
16:45:13.168 [main] INFO  testCases.TC_001_WebDevelopmentTest - **** Finished TC_002_LanguageLearningTest ****
16:45:13.536 [main] INFO  testCases.TC_001_WebDevelopmentTest - **** Starting TC_003_ForEnterpriseTest ****
16:45:39.920 [main] INFO  testCases.TC_001_WebDevelopmentTest - Clicking the Title Icon To naviage Back
16:45:41.289 [main] INFO  testCases.TC_001_WebDevelopmentTest - Clicking the Title Icon To naviage Back
17:59:21.344 [main] INFO  testCases.TC_001_WebDevelopmentTest - **** Starting TC_001_WebDevelopmentTest ****
17:59:23.693 [main] INFO  testCases.TC_001_WebDevelopmentTest - Course Name Sent Successfully
18:00:03.666 [main] INFO  testCases.TC_001_WebDevelopmentTest - Clicked on Search Button
18:00:05.277 [main] INFO  testCases.TC_001_WebDevelopmentTest - Scrolled Till Subject
18:00:06.234 [main] INFO  testCases.TC_001_WebDevelopmentTest - Clicked English Language
18:00:07.015 [main] INFO  testCases.TC_001_WebDevelopmentTest - Scrolled Till Specific
18:00:07.600 [main] INFO  testCases.TC_001_WebDevelopmentTest - Clicked Begginer CheckBox
18:00:08.132 [main] INFO  testCases.TC_001_WebDevelopmentTest - Scrolled Till Filter
18:00:09.530 [main] INFO  testCases.TC_001_WebDevelopmentTest - Course One is Clicked and Successfully Printed
18:00:10.050 [main] INFO  testCases.TC_001_WebDevelopmentTest - Switched To First Course Name
18:00:50.826 [main] INFO  testCases.TC_001_WebDevelopmentTest - Successfully Printed Rating of Course One
18:00:50.980 [main] INFO  testCases.TC_001_WebDevelopmentTest - Successfully Printed Duration of Course One
18:00:51.073 [main] INFO  testCases.TC_001_WebDevelopmentTest - Switched To Parent Page
18:00:52.146 [main] INFO  testCases.TC_001_WebDevelopmentTest - Course One is Clicked and Successfully Printed
18:00:53.101 [main] INFO  testCases.TC_001_WebDevelopmentTest - Switched To The Second Course Page
18:01:33.671 [main] INFO  testCases.TC_001_WebDevelopmentTest - Scrolled till Financial
18:01:33.981 [main] INFO  testCases.TC_001_WebDevelopmentTest - Successfully Printed Rating of Course Two
18:01:35.292 [main] INFO  testCases.TC_001_WebDevelopmentTest - Successfully Printed Duration of Course Two
18:01:35.395 [main] INFO  testCases.TC_001_WebDevelopmentTest - Switched To The Parent Page
18:01:35.395 [main] INFO  testCases.TC_001_WebDevelopmentTest - **** Finishing TC_001_WebDevelopmentTest ****
18:01:35.959 [main] INFO  testCases.TC_001_WebDevelopmentTest - **** Starting TC_002_LanguageLearningTest ****
18:01:38.382 [main] INFO  testCases.TC_001_WebDevelopmentTest - Successfully Cleared The Course Name And Entered New Course
18:01:38.865 [main] INFO  testCases.TC_001_WebDevelopmentTest - Clicked Search Button
18:01:39.405 [main] INFO  testCases.TC_001_WebDevelopmentTest - Scrolled Till Science
18:01:40.664 [main] INFO  testCases.TC_001_WebDevelopmentTest - Clicked Show More in Language CheckBox
18:01:42.042 [main] INFO  testCases.TC_001_WebDevelopmentTest - Unclicking The English Language
18:01:47.058 [main] INFO  testCases.TC_001_WebDevelopmentTest - Successfully Printing Total
18:01:47.299 [main] INFO  testCases.TC_001_WebDevelopmentTest - Clicked Close Button in All Language Box
18:01:47.736 [main] INFO  testCases.TC_001_WebDevelopmentTest - Scrolled Till University CheckBox
18:01:49.854 [main] INFO  testCases.TC_001_WebDevelopmentTest - Successfully Printed All The Levels
18:01:49.854 [main] INFO  testCases.TC_001_WebDevelopmentTest - **** Finished TC_002_LanguageLearningTest ****
18:01:50.266 [main] INFO  testCases.TC_001_WebDevelopmentTest - **** Starting TC_003_ForEnterpriseTest ****
18:02:31.636 [main] INFO  testCases.TC_001_WebDevelopmentTest - Clicking the Title Icon To naviage Back
18:02:32.090 [main] INFO  testCases.TC_001_WebDevelopmentTest - Scrolling Till the Bottom of the Page
18:03:15.822 [main] INFO  testCases.TC_001_WebDevelopmentTest - Clicking the ForEnterPrise Link
18:03:17.012 [main] INFO  testCases.TC_001_WebDevelopmentTest - Scrolling Till More in the Bottom
18:03:57.855 [main] INFO  testCases.TC_001_WebDevelopmentTest - Clicked What We Offer Link
18:03:58.372 [main] INFO  testCases.TC_001_WebDevelopmentTest - Scrolled Till the Coursera for Campus
18:04:39.918 [main] INFO  testCases.TC_001_WebDevelopmentTest - Clicked Learn More Link
18:04:41.157 [main] INFO  testCases.TC_001_WebDevelopmentTest - Scrolling Till the Haeding beside The Input Box
18:04:41.592 [main] INFO  testCases.TC_001_WebDevelopmentTest - FirstName is Entered Successfully
18:04:41.824 [main] INFO  testCases.TC_001_WebDevelopmentTest - LastName is Entered Successfully
18:04:42.363 [main] INFO  testCases.TC_001_WebDevelopmentTest - Email is Entered Successfully
18:04:42.938 [main] INFO  testCases.TC_001_WebDevelopmentTest - Phone Number is Entered Successfully
18:04:43.625 [main] INFO  testCases.TC_001_WebDevelopmentTest - Institute Type is Selected Successfully
18:04:43.962 [main] INFO  testCases.TC_001_WebDevelopmentTest - Institute Name is Entered Successfully
18:04:44.699 [main] INFO  testCases.TC_001_WebDevelopmentTest - Job Role is Selected Successfully
18:04:45.481 [main] INFO  testCases.TC_001_WebDevelopmentTest - Department is Selected Successfully
18:04:45.871 [main] INFO  testCases.TC_001_WebDevelopmentTest - Describe is Selected Successfully
18:04:46.167 [main] INFO  testCases.TC_001_WebDevelopmentTest - Expected Learner is Selected Successfully
18:04:46.730 [main] INFO  testCases.TC_001_WebDevelopmentTest - Country is Selected Successfully
18:04:47.028 [main] INFO  testCases.TC_001_WebDevelopmentTest - State is Selected Successfully
18:04:47.369 [main] INFO  testCases.TC_001_WebDevelopmentTest - Submit Button is Clicked Successfully
18:04:47.653 [main] INFO  testCases.TC_001_WebDevelopmentTest - Scrolled Till The Heading Beside of Input Boxes
18:04:49.825 [main] INFO  testCases.TC_001_WebDevelopmentTest - Successfully Printed Message of Invalid Email Address
18:04:49.826 [main] INFO  testCases.TC_001_WebDevelopmentTest - **** Finishing TC_003_ForEnterpriseTest ****
18:07:33.648 [main] INFO  testCases.TC_001_WebDevelopmentTest - **** Starting TC_001_WebDevelopmentTest ****
18:07:36.210 [main] INFO  testCases.TC_001_WebDevelopmentTest - Course Name Sent Successfully
18:08:17.346 [main] INFO  testCases.TC_001_WebDevelopmentTest - Clicked on Search Button
18:08:18.434 [main] INFO  testCases.TC_001_WebDevelopmentTest - Scrolled Till Subject
18:08:19.152 [main] INFO  testCases.TC_001_WebDevelopmentTest - Clicked English Language
18:08:19.424 [main] INFO  testCases.TC_001_WebDevelopmentTest - Scrolled Till Specific
18:08:19.775 [main] INFO  testCases.TC_001_WebDevelopmentTest - Clicked Begginer CheckBox
18:08:20.122 [main] INFO  testCases.TC_001_WebDevelopmentTest - Scrolled Till Filter
18:08:22.275 [main] INFO  testCases.TC_001_WebDevelopmentTest - Course One is Clicked and Successfully Printed
18:08:23.076 [main] INFO  testCases.TC_001_WebDevelopmentTest - Switched To First Course Name
18:09:03.621 [main] INFO  testCases.TC_001_WebDevelopmentTest - Successfully Printed Rating of Course One
18:09:03.799 [main] INFO  testCases.TC_001_WebDevelopmentTest - Successfully Printed Duration of Course One
18:09:03.951 [main] INFO  testCases.TC_001_WebDevelopmentTest - Switched To Parent Page
18:09:05.003 [main] INFO  testCases.TC_001_WebDevelopmentTest - Course One is Clicked and Successfully Printed
18:09:06.440 [main] INFO  testCases.TC_001_WebDevelopmentTest - Switched To The Second Course Page
18:09:47.383 [main] INFO  testCases.TC_001_WebDevelopmentTest - Scrolled till Financial
18:09:47.731 [main] INFO  testCases.TC_001_WebDevelopmentTest - Successfully Printed Rating of Course Two
18:09:48.815 [main] INFO  testCases.TC_001_WebDevelopmentTest - Successfully Printed Duration of Course Two
18:09:48.991 [main] INFO  testCases.TC_001_WebDevelopmentTest - Switched To The Parent Page
18:09:48.991 [main] INFO  testCases.TC_001_WebDevelopmentTest - **** Finishing TC_001_WebDevelopmentTest ****
18:09:49.568 [main] INFO  testCases.TC_001_WebDevelopmentTest - **** Starting TC_002_LanguageLearningTest ****
18:09:52.085 [main] INFO  testCases.TC_001_WebDevelopmentTest - Successfully Cleared The Course Name And Entered New Course
18:09:52.568 [main] INFO  testCases.TC_001_WebDevelopmentTest - Clicked Search Button
18:09:54.185 [main] INFO  testCases.TC_001_WebDevelopmentTest - Scrolled Till Science
18:09:55.331 [main] INFO  testCases.TC_001_WebDevelopmentTest - Clicked Show More in Language CheckBox
18:09:56.691 [main] INFO  testCases.TC_001_WebDevelopmentTest - Unclicking The English Language
18:10:06.050 [main] INFO  testCases.TC_001_WebDevelopmentTest - Successfully Printing Total
18:10:06.316 [main] INFO  testCases.TC_001_WebDevelopmentTest - Clicked Close Button in All Language Box
18:10:06.888 [main] INFO  testCases.TC_001_WebDevelopmentTest - Scrolled Till University CheckBox
18:10:08.944 [main] INFO  testCases.TC_001_WebDevelopmentTest - Successfully Printed All The Levels
18:10:08.945 [main] INFO  testCases.TC_001_WebDevelopmentTest - **** Finished TC_002_LanguageLearningTest ****
18:10:09.320 [main] INFO  testCases.TC_001_WebDevelopmentTest - **** Starting TC_003_ForEnterpriseTest ****
18:10:53.582 [main] INFO  testCases.TC_001_WebDevelopmentTest - Clicking the Title Icon To naviage Back
18:10:54.166 [main] INFO  testCases.TC_001_WebDevelopmentTest - Scrolling Till the Bottom of the Page
18:11:36.086 [main] INFO  testCases.TC_001_WebDevelopmentTest - Clicking the ForEnterPrise Link
18:11:37.205 [main] INFO  testCases.TC_001_WebDevelopmentTest - Scrolling Till More in the Bottom
18:12:17.061 [main] INFO  testCases.TC_001_WebDevelopmentTest - Clicked What We Offer Link
18:12:17.365 [main] INFO  testCases.TC_001_WebDevelopmentTest - Scrolled Till the Coursera for Campus
18:12:57.798 [main] INFO  testCases.TC_001_WebDevelopmentTest - Clicked Learn More Link
18:12:58.764 [main] INFO  testCases.TC_001_WebDevelopmentTest - Scrolling Till the Haeding beside The Input Box
18:12:59.133 [main] INFO  testCases.TC_001_WebDevelopmentTest - FirstName is Entered Successfully
18:12:59.456 [main] INFO  testCases.TC_001_WebDevelopmentTest - LastName is Entered Successfully
18:12:59.923 [main] INFO  testCases.TC_001_WebDevelopmentTest - Email is Entered Successfully
18:13:00.348 [main] INFO  testCases.TC_001_WebDevelopmentTest - Phone Number is Entered Successfully
18:13:00.983 [main] INFO  testCases.TC_001_WebDevelopmentTest - Institute Type is Selected Successfully
18:13:01.210 [main] INFO  testCases.TC_001_WebDevelopmentTest - Institute Name is Entered Successfully
18:13:01.776 [main] INFO  testCases.TC_001_WebDevelopmentTest - Job Role is Selected Successfully
18:13:02.373 [main] INFO  testCases.TC_001_WebDevelopmentTest - Department is Selected Successfully
18:13:02.734 [main] INFO  testCases.TC_001_WebDevelopmentTest - Describe is Selected Successfully
18:13:03.029 [main] INFO  testCases.TC_001_WebDevelopmentTest - Expected Learner is Selected Successfully
18:13:03.584 [main] INFO  testCases.TC_001_WebDevelopmentTest - Country is Selected Successfully
18:13:03.896 [main] INFO  testCases.TC_001_WebDevelopmentTest - State is Selected Successfully
18:13:04.216 [main] INFO  testCases.TC_001_WebDevelopmentTest - Submit Button is Clicked Successfully
18:13:04.489 [main] INFO  testCases.TC_001_WebDevelopmentTest - Scrolled Till The Heading Beside of Input Boxes
18:13:06.450 [main] INFO  testCases.TC_001_WebDevelopmentTest - Successfully Printed Message of Invalid Email Address
18:13:06.450 [main] INFO  testCases.TC_001_WebDevelopmentTest - **** Finishing TC_003_ForEnterpriseTest ****
22:03:34.559 [main] INFO  testCases.TC_001_WebDevelopmentTest - **** Starting TC_001_WebDevelopmentTest ****
22:03:38.536 [main] INFO  testCases.TC_001_WebDevelopmentTest - Course Name Sent Successfully
22:03:46.957 [main] INFO  testCases.TC_001_WebDevelopmentTest - Clicked on Search Button
22:03:48.641 [main] INFO  testCases.TC_001_WebDevelopmentTest - Scrolled Till Subject
22:03:49.854 [main] INFO  testCases.TC_001_WebDevelopmentTest - Clicked English Language
22:03:50.543 [main] INFO  testCases.TC_001_WebDevelopmentTest - Scrolled Till Specific
22:03:52.701 [main] INFO  testCases.TC_001_WebDevelopmentTest - Clicked Begginer CheckBox
22:03:53.349 [main] INFO  testCases.TC_001_WebDevelopmentTest - Scrolled Till Filter
22:03:55.645 [main] INFO  testCases.TC_001_WebDevelopmentTest - Course One is Clicked and Successfully Printed
22:03:57.045 [main] INFO  testCases.TC_001_WebDevelopmentTest - Switched To First Course Name
22:04:04.678 [main] INFO  testCases.TC_001_WebDevelopmentTest - Successfully Printed Rating of Course One
22:04:06.045 [main] INFO  testCases.TC_001_WebDevelopmentTest - Successfully Printed Duration of Course One
22:04:06.201 [main] INFO  testCases.TC_001_WebDevelopmentTest - Switched To Parent Page
22:04:07.641 [main] INFO  testCases.TC_001_WebDevelopmentTest - Course One is Clicked and Successfully Printed
22:04:08.931 [main] INFO  testCases.TC_001_WebDevelopmentTest - Switched To The Second Course Page
22:04:16.520 [main] INFO  testCases.TC_001_WebDevelopmentTest - Scrolled till Financial
22:04:18.239 [main] INFO  testCases.TC_001_WebDevelopmentTest - Successfully Printed Rating of Course Two
22:04:18.501 [main] INFO  testCases.TC_001_WebDevelopmentTest - Successfully Printed Duration of Course Two
22:04:18.686 [main] INFO  testCases.TC_001_WebDevelopmentTest - Switched To The Parent Page
22:04:18.686 [main] INFO  testCases.TC_001_WebDevelopmentTest - **** Finishing TC_001_WebDevelopmentTest ****
22:04:19.563 [main] INFO  testCases.TC_001_WebDevelopmentTest - **** Starting TC_002_LanguageLearningTest ****
22:04:23.029 [main] INFO  testCases.TC_001_WebDevelopmentTest - Successfully Cleared The Course Name And Entered New Course
22:04:25.355 [main] INFO  testCases.TC_001_WebDevelopmentTest - Clicked Search Button
22:04:25.950 [main] INFO  testCases.TC_001_WebDevelopmentTest - Scrolled Till Science
22:04:27.091 [main] INFO  testCases.TC_001_WebDevelopmentTest - Clicked Show More in Language CheckBox
22:04:28.674 [main] INFO  testCases.TC_001_WebDevelopmentTest - Unclicking The English Language
22:04:37.339 [main] INFO  testCases.TC_001_WebDevelopmentTest - Successfully Printing Total
22:04:37.715 [main] INFO  testCases.TC_001_WebDevelopmentTest - Clicked Close Button in All Language Box
22:04:38.520 [main] INFO  testCases.TC_001_WebDevelopmentTest - Scrolled Till University CheckBox
22:04:40.885 [main] INFO  testCases.TC_001_WebDevelopmentTest - Successfully Printed All The Levels
22:04:40.886 [main] INFO  testCases.TC_001_WebDevelopmentTest - **** Finished TC_002_LanguageLearningTest ****
22:04:41.437 [main] INFO  testCases.TC_001_WebDevelopmentTest - **** Starting TC_003_ForEnterpriseTest ****
22:04:47.877 [main] INFO  testCases.TC_001_WebDevelopmentTest - Clicking the Title Icon To naviage Back
22:04:49.266 [main] INFO  testCases.TC_001_WebDevelopmentTest - Scrolling Till the Bottom of the Page
22:04:58.814 [main] INFO  testCases.TC_001_WebDevelopmentTest - Clicking the ForEnterPrise Link
22:05:00.145 [main] INFO  testCases.TC_001_WebDevelopmentTest - Scrolling Till More in the Bottom
22:05:04.543 [main] INFO  testCases.TC_001_WebDevelopmentTest - Clicked What We Offer Link
22:05:04.905 [main] INFO  testCases.TC_001_WebDevelopmentTest - Scrolled Till the Coursera for Campus
22:05:10.246 [main] INFO  testCases.TC_001_WebDevelopmentTest - Clicked Learn More Link
22:05:11.578 [main] INFO  testCases.TC_001_WebDevelopmentTest - Scrolling Till the Haeding beside The Input Box
22:05:12.248 [main] INFO  testCases.TC_001_WebDevelopmentTest - FirstName is Entered Successfully
22:05:12.574 [main] INFO  testCases.TC_001_WebDevelopmentTest - LastName is Entered Successfully
22:05:13.186 [main] INFO  testCases.TC_001_WebDevelopmentTest - Email is Entered Successfully
22:05:13.794 [main] INFO  testCases.TC_001_WebDevelopmentTest - Phone Number is Entered Successfully
22:05:14.589 [main] INFO  testCases.TC_001_WebDevelopmentTest - Institute Type is Selected Successfully
22:05:14.884 [main] INFO  testCases.TC_001_WebDevelopmentTest - Institute Name is Entered Successfully
22:05:15.846 [main] INFO  testCases.TC_001_WebDevelopmentTest - Job Role is Selected Successfully
22:05:16.708 [main] INFO  testCases.TC_001_WebDevelopmentTest - Department is Selected Successfully
22:05:17.249 [main] INFO  testCases.TC_001_WebDevelopmentTest - Describe is Selected Successfully
22:05:17.721 [main] INFO  testCases.TC_001_WebDevelopmentTest - Expected Learner is Selected Successfully
22:05:18.690 [main] INFO  testCases.TC_001_WebDevelopmentTest - Country is Selected Successfully
22:05:19.085 [main] INFO  testCases.TC_001_WebDevelopmentTest - State is Selected Successfully
22:05:19.592 [main] INFO  testCases.TC_001_WebDevelopmentTest - Submit Button is Clicked Successfully
22:05:20.572 [main] INFO  testCases.TC_001_WebDevelopmentTest - Scrolled Till The Heading Beside of Input Boxes
22:05:22.959 [main] INFO  testCases.TC_001_WebDevelopmentTest - Successfully Printed Message of Invalid Email Address
22:05:22.960 [main] INFO  testCases.TC_001_WebDevelopmentTest - **** Finishing TC_003_ForEnterpriseTest ****
15:05:33.284 [main] INFO  factory.CucumberBaseClass - Url has been Successfully Opened
15:05:34.624 [main] INFO  factory.CucumberBaseClass - Navigated to Coursera Home Page
15:11:15.706 [main] INFO  factory.CucumberBaseClass - Url has been Successfully Opened
15:11:16.627 [main] INFO  factory.CucumberBaseClass - Navigated to Coursera Home Page
15:12:23.212 [main] INFO  factory.CucumberBaseClass - Url has been Successfully Opened
15:12:23.440 [main] INFO  factory.CucumberBaseClass - Test Case Two Started
15:15:57.744 [main] INFO  factory.CucumberBaseClass - Url has been Successfully Opened
15:15:57.983 [main] INFO  factory.CucumberBaseClass - Test Case Two Started
15:17:26.051 [main] INFO  factory.CucumberBaseClass - Url has been Successfully Opened
15:17:26.293 [main] INFO  factory.CucumberBaseClass - Navigated to Coursera Home Page
15:20:56.891 [main] INFO  testCases.TC_001_WebDevelopmentTest - **** Starting TC_001_WebDevelopmentTest ****
15:21:45.303 [main] INFO  testCases.TC_001_WebDevelopmentTest - Course Name Sent Successfully
15:22:20.609 [main] INFO  testCases.TC_001_WebDevelopmentTest - Clicked on Search Button
15:22:21.219 [main] INFO  testCases.TC_001_WebDevelopmentTest - Scrolled Till Subject
15:22:21.901 [main] INFO  testCases.TC_001_WebDevelopmentTest - Clicked English Language
15:22:24.206 [main] INFO  testCases.TC_001_WebDevelopmentTest - Scrolled Till Specific
15:22:25.097 [main] INFO  testCases.TC_001_WebDevelopmentTest - Clicked Begginer CheckBox
15:22:25.701 [main] INFO  testCases.TC_001_WebDevelopmentTest - Scrolled Till Filter
15:22:27.549 [main] INFO  testCases.TC_001_WebDevelopmentTest - Course One is Clicked and Successfully Printed
15:22:28.606 [main] INFO  testCases.TC_001_WebDevelopmentTest - Switched To First Course Name
15:23:08.003 [main] INFO  testCases.TC_001_WebDevelopmentTest - Successfully Printed Rating of Course One
15:23:12.689 [main] INFO  testCases.TC_001_WebDevelopmentTest - Successfully Printed Duration of Course One
15:23:13.011 [main] INFO  testCases.TC_001_WebDevelopmentTest - Switched To Parent Page
15:23:15.041 [main] INFO  testCases.TC_001_WebDevelopmentTest - Course One is Clicked and Successfully Printed
15:23:16.204 [main] INFO  testCases.TC_001_WebDevelopmentTest - Switched To The Second Course Page
15:23:55.636 [main] INFO  testCases.TC_001_WebDevelopmentTest - Scrolled till Financial
15:23:56.164 [main] INFO  testCases.TC_001_WebDevelopmentTest - Successfully Printed Rating of Course Two
15:23:57.378 [main] INFO  testCases.TC_001_WebDevelopmentTest - Successfully Printed Duration of Course Two
15:23:57.808 [main] INFO  testCases.TC_001_WebDevelopmentTest - Switched To The Parent Page
15:23:57.808 [main] INFO  testCases.TC_001_WebDevelopmentTest - **** Finishing TC_001_WebDevelopmentTest ****
15:23:58.569 [main] INFO  testCases.TC_001_WebDevelopmentTest - **** Starting TC_002_LanguageLearningTest ****
15:24:02.639 [main] INFO  testCases.TC_001_WebDevelopmentTest - Successfully Cleared The Course Name And Entered New Course
15:24:03.338 [main] INFO  testCases.TC_001_WebDevelopmentTest - Clicked Search Button
15:24:05.598 [main] INFO  testCases.TC_001_WebDevelopmentTest - Scrolled Till Science
15:24:06.696 [main] INFO  testCases.TC_001_WebDevelopmentTest - Clicked Show More in Language CheckBox
15:24:08.307 [main] INFO  testCases.TC_001_WebDevelopmentTest - Unclicking The English Language
15:25:08.552 [main] INFO  testCases.TC_001_WebDevelopmentTest - Successfully Printing Total
15:25:09.040 [main] INFO  testCases.TC_001_WebDevelopmentTest - Clicked Close Button in All Language Box
15:25:10.168 [main] INFO  testCases.TC_001_WebDevelopmentTest - Scrolled Till University CheckBox
15:25:12.503 [main] INFO  testCases.TC_001_WebDevelopmentTest - Successfully Printed All The Levels
15:25:12.503 [main] INFO  testCases.TC_001_WebDevelopmentTest - **** Finished TC_002_LanguageLearningTest ****
15:25:13.058 [main] INFO  testCases.TC_001_WebDevelopmentTest - **** Starting TC_003_ForEnterpriseTest ****
15:25:58.394 [main] INFO  testCases.TC_001_WebDevelopmentTest - Clicking the Title Icon To naviage Back
15:25:59.125 [main] INFO  testCases.TC_001_WebDevelopmentTest - Scrolling Till the Bottom of the Page
15:27:21.745 [main] INFO  testCases.TC_001_WebDevelopmentTest - Clicking the ForEnterPrise Link
15:27:23.002 [main] INFO  testCases.TC_001_WebDevelopmentTest - Scrolling Till More in the Bottom
15:28:12.815 [main] INFO  testCases.TC_001_WebDevelopmentTest - Clicked What We Offer Link
15:28:13.387 [main] INFO  testCases.TC_001_WebDevelopmentTest - Scrolled Till the Coursera for Campus
15:28:58.629 [main] INFO  testCases.TC_001_WebDevelopmentTest - Clicked Learn More Link
15:29:00.353 [main] INFO  testCases.TC_001_WebDevelopmentTest - Scrolling Till the Haeding beside The Input Box
15:29:01.009 [main] INFO  testCases.TC_001_WebDevelopmentTest - FirstName is Entered Successfully
15:29:01.708 [main] INFO  testCases.TC_001_WebDevelopmentTest - LastName is Entered Successfully
15:29:02.412 [main] INFO  testCases.TC_001_WebDevelopmentTest - Email is Entered Successfully
15:29:03.062 [main] INFO  testCases.TC_001_WebDevelopmentTest - Phone Number is Entered Successfully
15:29:03.898 [main] INFO  testCases.TC_001_WebDevelopmentTest - Institute Type is Selected Successfully
15:29:04.217 [main] INFO  testCases.TC_001_WebDevelopmentTest - Institute Name is Entered Successfully
15:29:04.948 [main] INFO  testCases.TC_001_WebDevelopmentTest - Job Role is Selected Successfully
15:29:05.684 [main] INFO  testCases.TC_001_WebDevelopmentTest - Department is Selected Successfully
15:29:06.066 [main] INFO  testCases.TC_001_WebDevelopmentTest - Describe is Selected Successfully
15:29:06.425 [main] INFO  testCases.TC_001_WebDevelopmentTest - Expected Learner is Selected Successfully
